[0.093s] DEBUG:colcon:Command line arguments: ['/usr/bin/colcon', 'build', '--packages-select', 'quadrotor_msgs_encode_decode']
[0.093s] DEBUG:colcon:Parsed command line arguments: Namespace(log_base=None, log_level=None, verb_name='build', build_base='build', install_base='install', merge_install=False, symlink_install=False, test_result_base=None, continue_on_error=False, executor='parallel', parallel_workers=12, event_handlers=None, ignore_user_meta=False, metas=['./colcon.meta'], base_paths=['.'], packages_ignore=None, packages_ignore_regex=None, paths=None, packages_up_to=None, packages_up_to_regex=None, packages_above=None, packages_above_and_dependencies=None, packages_above_depth=None, packages_select_by_dep=None, packages_skip_by_dep=None, packages_skip_up_to=None, packages_select_build_failed=False, packages_skip_build_finished=False, packages_select_test_failures=False, packages_skip_test_passed=False, packages_select=['quadrotor_msgs_encode_decode'], packages_skip=None, packages_select_regex=None, packages_skip_regex=None, packages_start=None, packages_end=None, allow_overriding=[], cmake_args=None, cmake_target=None, cmake_target_skip_unavailable=False, cmake_clean_cache=False, cmake_clean_first=False, cmake_force_configure=False, ament_cmake_args=None, catkin_cmake_args=None, catkin_skip_building_tests=False, mixin_files=None, mixin=None, verb_parser=<colcon_mixin.mixin.mixin_argument.MixinArgumentDecorator object at 0x7f9497767c10>, verb_extension=<colcon_core.verb.build.BuildVerb object at 0x7f94977253c0>, main=<bound method BuildVerb.main of <colcon_core.verb.build.BuildVerb object at 0x7f94977253c0>>, mixin_verb=('build',))
[0.126s] Level 1:colcon.colcon_core.package_discovery:discover_packages(colcon_meta) check parameters
[0.126s] Level 1:colcon.colcon_core.package_discovery:discover_packages(recursive) check parameters
[0.126s] Level 1:colcon.colcon_core.package_discovery:discover_packages(ignore) check parameters
[0.126s] Level 1:colcon.colcon_core.package_discovery:discover_packages(path) check parameters
[0.126s] Level 1:colcon.colcon_core.package_discovery:discover_packages(colcon_meta) discover
[0.126s] Level 1:colcon.colcon_core.package_discovery:discover_packages(recursive) discover
[0.126s] INFO:colcon.colcon_core.package_discovery:Crawling recursively for packages in '/home/damian/Fast-Planner/uav_simulator/Utils'
[0.126s] Level 1:colcon.colcon_core.package_identification:_identify(.) by extensions ['ignore', 'ignore_ament_install']
[0.126s] Level 1:colcon.colcon_core.package_identification:_identify(.) by extension 'ignore'
[0.126s] Level 1:colcon.colcon_core.package_identification:_identify(.) by extension 'ignore_ament_install'
[0.126s] Level 1:colcon.colcon_core.package_identification:_identify(.) by extensions ['colcon_pkg']
[0.126s] Level 1:colcon.colcon_core.package_identification:_identify(.) by extension 'colcon_pkg'
[0.126s] Level 1:colcon.colcon_core.package_identification:_identify(.) by extensions ['colcon_meta']
[0.126s] Level 1:colcon.colcon_core.package_identification:_identify(.) by extension 'colcon_meta'
[0.126s] Level 1:colcon.colcon_core.package_identification:_identify(.) by extensions ['ros']
[0.126s] Level 1:colcon.colcon_core.package_identification:_identify(.) by extension 'ros'
[0.139s] Level 1:colcon.colcon_core.package_identification:_identify(.) by extensions ['cmake', 'python']
[0.139s] Level 1:colcon.colcon_core.package_identification:_identify(.) by extension 'cmake'
[0.139s] Level 1:colcon.colcon_core.package_identification:_identify(.) by extension 'python'
[0.139s] Level 1:colcon.colcon_core.package_identification:_identify(.) by extensions ['python_setup_py']
[0.139s] Level 1:colcon.colcon_core.package_identification:_identify(.) by extension 'python_setup_py'
[0.139s] Level 1:colcon.colcon_core.package_identification:_identify(build) by extensions ['ignore', 'ignore_ament_install']
[0.139s] Level 1:colcon.colcon_core.package_identification:_identify(build) by extension 'ignore'
[0.139s] Level 1:colcon.colcon_core.package_identification:_identify(build) ignored
[0.139s] Level 1:colcon.colcon_core.package_identification:_identify(cmake_utils) by extensions ['ignore', 'ignore_ament_install']
[0.139s] Level 1:colcon.colcon_core.package_identification:_identify(cmake_utils) by extension 'ignore'
[0.139s] Level 1:colcon.colcon_core.package_identification:_identify(cmake_utils) by extension 'ignore_ament_install'
[0.139s] Level 1:colcon.colcon_core.package_identification:_identify(cmake_utils) by extensions ['colcon_pkg']
[0.139s] Level 1:colcon.colcon_core.package_identification:_identify(cmake_utils) by extension 'colcon_pkg'
[0.139s] Level 1:colcon.colcon_core.package_identification:_identify(cmake_utils) by extensions ['colcon_meta']
[0.139s] Level 1:colcon.colcon_core.package_identification:_identify(cmake_utils) by extension 'colcon_meta'
[0.139s] Level 1:colcon.colcon_core.package_identification:_identify(cmake_utils) by extensions ['ros']
[0.139s] Level 1:colcon.colcon_core.package_identification:_identify(cmake_utils) by extension 'ros'
[0.141s] DEBUG:colcon.colcon_core.package_identification:Package 'cmake_utils' with type 'ros.catkin' and name 'cmake_utils'
[0.141s] Level 1:colcon.colcon_core.package_identification:_identify(install) by extensions ['ignore', 'ignore_ament_install']
[0.141s] Level 1:colcon.colcon_core.package_identification:_identify(install) by extension 'ignore'
[0.141s] Level 1:colcon.colcon_core.package_identification:_identify(install) ignored
[0.141s] Level 1:colcon.colcon_core.package_identification:_identify(log) by extensions ['ignore', 'ignore_ament_install']
[0.141s] Level 1:colcon.colcon_core.package_identification:_identify(log) by extension 'ignore'
[0.141s] Level 1:colcon.colcon_core.package_identification:_identify(log) ignored
[0.141s] Level 1:colcon.colcon_core.package_identification:_identify(multi_map_server) by extensions ['ignore', 'ignore_ament_install']
[0.142s] Level 1:colcon.colcon_core.package_identification:_identify(multi_map_server) by extension 'ignore'
[0.142s] Level 1:colcon.colcon_core.package_identification:_identify(multi_map_server) by extension 'ignore_ament_install'
[0.142s] Level 1:colcon.colcon_core.package_identification:_identify(multi_map_server) by extensions ['colcon_pkg']
[0.142s] Level 1:colcon.colcon_core.package_identification:_identify(multi_map_server) by extension 'colcon_pkg'
[0.142s] Level 1:colcon.colcon_core.package_identification:_identify(multi_map_server) by extensions ['colcon_meta']
[0.142s] Level 1:colcon.colcon_core.package_identification:_identify(multi_map_server) by extension 'colcon_meta'
[0.142s] Level 1:colcon.colcon_core.package_identification:_identify(multi_map_server) by extensions ['ros']
[0.142s] Level 1:colcon.colcon_core.package_identification:_identify(multi_map_server) by extension 'ros'
[0.143s] DEBUG:colcon.colcon_core.package_identification:Package 'multi_map_server' with type 'ros.catkin' and name 'multi_map_server'
[0.143s] Level 1:colcon.colcon_core.package_identification:_identify(odom_visualization) by extensions ['ignore', 'ignore_ament_install']
[0.143s] Level 1:colcon.colcon_core.package_identification:_identify(odom_visualization) by extension 'ignore'
[0.143s] Level 1:colcon.colcon_core.package_identification:_identify(odom_visualization) by extension 'ignore_ament_install'
[0.143s] Level 1:colcon.colcon_core.package_identification:_identify(odom_visualization) by extensions ['colcon_pkg']
[0.143s] Level 1:colcon.colcon_core.package_identification:_identify(odom_visualization) by extension 'colcon_pkg'
[0.143s] Level 1:colcon.colcon_core.package_identification:_identify(odom_visualization) by extensions ['colcon_meta']
[0.143s] Level 1:colcon.colcon_core.package_identification:_identify(odom_visualization) by extension 'colcon_meta'
[0.143s] Level 1:colcon.colcon_core.package_identification:_identify(odom_visualization) by extensions ['ros']
[0.143s] Level 1:colcon.colcon_core.package_identification:_identify(odom_visualization) by extension 'ros'
[0.144s] DEBUG:colcon.colcon_core.package_identification:Package 'odom_visualization' with type 'ros.catkin' and name 'odom_visualization'
[0.144s] Level 1:colcon.colcon_core.package_identification:_identify(pose_utils) by extensions ['ignore', 'ignore_ament_install']
[0.144s] Level 1:colcon.colcon_core.package_identification:_identify(pose_utils) by extension 'ignore'
[0.144s] Level 1:colcon.colcon_core.package_identification:_identify(pose_utils) by extension 'ignore_ament_install'
[0.144s] Level 1:colcon.colcon_core.package_identification:_identify(pose_utils) by extensions ['colcon_pkg']
[0.144s] Level 1:colcon.colcon_core.package_identification:_identify(pose_utils) by extension 'colcon_pkg'
[0.144s] Level 1:colcon.colcon_core.package_identification:_identify(pose_utils) by extensions ['colcon_meta']
[0.144s] Level 1:colcon.colcon_core.package_identification:_identify(pose_utils) by extension 'colcon_meta'
[0.144s] Level 1:colcon.colcon_core.package_identification:_identify(pose_utils) by extensions ['ros']
[0.144s] Level 1:colcon.colcon_core.package_identification:_identify(pose_utils) by extension 'ros'
[0.144s] DEBUG:colcon.colcon_core.package_identification:Package 'pose_utils' with type 'ros.catkin' and name 'pose_utils'
[0.144s] Level 1:colcon.colcon_core.package_identification:_identify(quadrotor_msgs) by extensions ['ignore', 'ignore_ament_install']
[0.145s] Level 1:colcon.colcon_core.package_identification:_identify(quadrotor_msgs) by extension 'ignore'
[0.145s] Level 1:colcon.colcon_core.package_identification:_identify(quadrotor_msgs) by extension 'ignore_ament_install'
[0.145s] Level 1:colcon.colcon_core.package_identification:_identify(quadrotor_msgs) by extensions ['colcon_pkg']
[0.145s] Level 1:colcon.colcon_core.package_identification:_identify(quadrotor_msgs) by extension 'colcon_pkg'
[0.145s] Level 1:colcon.colcon_core.package_identification:_identify(quadrotor_msgs) by extensions ['colcon_meta']
[0.145s] Level 1:colcon.colcon_core.package_identification:_identify(quadrotor_msgs) by extension 'colcon_meta'
[0.145s] Level 1:colcon.colcon_core.package_identification:_identify(quadrotor_msgs) by extensions ['ros']
[0.145s] Level 1:colcon.colcon_core.package_identification:_identify(quadrotor_msgs) by extension 'ros'
[0.145s] DEBUG:colcon.colcon_core.package_identification:Package 'quadrotor_msgs' with type 'ros.ament_cmake' and name 'quadrotor_msgs'
[0.145s] Level 1:colcon.colcon_core.package_identification:_identify(quadrotor_msgs_encode_decode) by extensions ['ignore', 'ignore_ament_install']
[0.145s] Level 1:colcon.colcon_core.package_identification:_identify(quadrotor_msgs_encode_decode) by extension 'ignore'
[0.145s] Level 1:colcon.colcon_core.package_identification:_identify(quadrotor_msgs_encode_decode) by extension 'ignore_ament_install'
[0.146s] Level 1:colcon.colcon_core.package_identification:_identify(quadrotor_msgs_encode_decode) by extensions ['colcon_pkg']
[0.146s] Level 1:colcon.colcon_core.package_identification:_identify(quadrotor_msgs_encode_decode) by extension 'colcon_pkg'
[0.146s] Level 1:colcon.colcon_core.package_identification:_identify(quadrotor_msgs_encode_decode) by extensions ['colcon_meta']
[0.146s] Level 1:colcon.colcon_core.package_identification:_identify(quadrotor_msgs_encode_decode) by extension 'colcon_meta'
[0.146s] Level 1:colcon.colcon_core.package_identification:_identify(quadrotor_msgs_encode_decode) by extensions ['ros']
[0.146s] Level 1:colcon.colcon_core.package_identification:_identify(quadrotor_msgs_encode_decode) by extension 'ros'
[0.146s] DEBUG:colcon.colcon_core.package_identification:Package 'quadrotor_msgs_encode_decode' with type 'ros.ament_cmake' and name 'quadrotor_msgs_encode_decode'
[0.146s] Level 1:colcon.colcon_core.package_identification:_identify(rviz_plugins) by extensions ['ignore', 'ignore_ament_install']
[0.146s] Level 1:colcon.colcon_core.package_identification:_identify(rviz_plugins) by extension 'ignore'
[0.146s] Level 1:colcon.colcon_core.package_identification:_identify(rviz_plugins) by extension 'ignore_ament_install'
[0.146s] Level 1:colcon.colcon_core.package_identification:_identify(rviz_plugins) by extensions ['colcon_pkg']
[0.146s] Level 1:colcon.colcon_core.package_identification:_identify(rviz_plugins) by extension 'colcon_pkg'
[0.146s] Level 1:colcon.colcon_core.package_identification:_identify(rviz_plugins) by extensions ['colcon_meta']
[0.146s] Level 1:colcon.colcon_core.package_identification:_identify(rviz_plugins) by extension 'colcon_meta'
[0.147s] Level 1:colcon.colcon_core.package_identification:_identify(rviz_plugins) by extensions ['ros']
[0.147s] Level 1:colcon.colcon_core.package_identification:_identify(rviz_plugins) by extension 'ros'
[0.147s] DEBUG:colcon.colcon_core.package_identification:Package 'rviz_plugins' with type 'ros.catkin' and name 'rviz_plugins'
[0.147s] Level 1:colcon.colcon_core.package_identification:_identify(uav_utils) by extensions ['ignore', 'ignore_ament_install']
[0.147s] Level 1:colcon.colcon_core.package_identification:_identify(uav_utils) by extension 'ignore'
[0.147s] Level 1:colcon.colcon_core.package_identification:_identify(uav_utils) by extension 'ignore_ament_install'
[0.147s] Level 1:colcon.colcon_core.package_identification:_identify(uav_utils) by extensions ['colcon_pkg']
[0.147s] Level 1:colcon.colcon_core.package_identification:_identify(uav_utils) by extension 'colcon_pkg'
[0.147s] Level 1:colcon.colcon_core.package_identification:_identify(uav_utils) by extensions ['colcon_meta']
[0.148s] Level 1:colcon.colcon_core.package_identification:_identify(uav_utils) by extension 'colcon_meta'
[0.148s] Level 1:colcon.colcon_core.package_identification:_identify(uav_utils) by extensions ['ros']
[0.148s] Level 1:colcon.colcon_core.package_identification:_identify(uav_utils) by extension 'ros'
[0.148s] DEBUG:colcon.colcon_core.package_identification:Package 'uav_utils' with type 'ros.catkin' and name 'uav_utils'
[0.148s] Level 1:colcon.colcon_core.package_identification:_identify(waypoint_generator) by extensions ['ignore', 'ignore_ament_install']
[0.148s] Level 1:colcon.colcon_core.package_identification:_identify(waypoint_generator) by extension 'ignore'
[0.148s] Level 1:colcon.colcon_core.package_identification:_identify(waypoint_generator) by extension 'ignore_ament_install'
[0.148s] Level 1:colcon.colcon_core.package_identification:_identify(waypoint_generator) by extensions ['colcon_pkg']
[0.149s] Level 1:colcon.colcon_core.package_identification:_identify(waypoint_generator) by extension 'colcon_pkg'
[0.149s] Level 1:colcon.colcon_core.package_identification:_identify(waypoint_generator) by extensions ['colcon_meta']
[0.149s] Level 1:colcon.colcon_core.package_identification:_identify(waypoint_generator) by extension 'colcon_meta'
[0.149s] Level 1:colcon.colcon_core.package_identification:_identify(waypoint_generator) by extensions ['ros']
[0.149s] Level 1:colcon.colcon_core.package_identification:_identify(waypoint_generator) by extension 'ros'
[0.149s] DEBUG:colcon.colcon_core.package_identification:Package 'waypoint_generator' with type 'ros.catkin' and name 'waypoint_generator'
[0.149s] Level 1:colcon.colcon_core.package_discovery:discover_packages(recursive) using defaults
[0.149s] Level 1:colcon.colcon_core.package_discovery:discover_packages(ignore) discover
[0.149s] Level 1:colcon.colcon_core.package_discovery:discover_packages(ignore) using defaults
[0.149s] Level 1:colcon.colcon_core.package_discovery:discover_packages(path) discover
[0.149s] Level 1:colcon.colcon_core.package_discovery:discover_packages(path) using defaults
[0.166s] INFO:colcon.colcon_core.package_selection:Skipping not selected package 'cmake_utils' in 'cmake_utils'
[0.166s] INFO:colcon.colcon_core.package_selection:Skipping not selected package 'pose_utils' in 'pose_utils'
[0.166s] INFO:colcon.colcon_core.package_selection:Skipping not selected package 'quadrotor_msgs' in 'quadrotor_msgs'
[0.166s] INFO:colcon.colcon_core.package_selection:Skipping not selected package 'waypoint_generator' in 'waypoint_generator'
[0.166s] INFO:colcon.colcon_core.package_selection:Skipping not selected package 'multi_map_server' in 'multi_map_server'
[0.166s] INFO:colcon.colcon_core.package_selection:Skipping not selected package 'odom_visualization' in 'odom_visualization'
[0.166s] INFO:colcon.colcon_core.package_selection:Skipping not selected package 'uav_utils' in 'uav_utils'
[0.166s] INFO:colcon.colcon_core.package_selection:Skipping not selected package 'rviz_plugins' in 'rviz_plugins'
[0.167s] Level 1:colcon.colcon_core.package_discovery:discover_packages(prefix_path) check parameters
[0.167s] Level 1:colcon.colcon_core.package_discovery:discover_packages(prefix_path) discover
[0.169s] DEBUG:colcon.colcon_installed_package_information.package_discovery:Found 390 installed packages in /opt/ros/humble
[0.170s] Level 1:colcon.colcon_core.package_discovery:discover_packages(prefix_path) using defaults
[0.210s] Level 5:colcon.colcon_core.verb:set package 'quadrotor_msgs_encode_decode' build argument 'cmake_args' from command line to 'None'
[0.210s] Level 5:colcon.colcon_core.verb:set package 'quadrotor_msgs_encode_decode' build argument 'cmake_target' from command line to 'None'
[0.210s] Level 5:colcon.colcon_core.verb:set package 'quadrotor_msgs_encode_decode' build argument 'cmake_target_skip_unavailable' from command line to 'False'
[0.210s] Level 5:colcon.colcon_core.verb:set package 'quadrotor_msgs_encode_decode' build argument 'cmake_clean_cache' from command line to 'False'
[0.210s] Level 5:colcon.colcon_core.verb:set package 'quadrotor_msgs_encode_decode' build argument 'cmake_clean_first' from command line to 'False'
[0.210s] Level 5:colcon.colcon_core.verb:set package 'quadrotor_msgs_encode_decode' build argument 'cmake_force_configure' from command line to 'False'
[0.210s] Level 5:colcon.colcon_core.verb:set package 'quadrotor_msgs_encode_decode' build argument 'ament_cmake_args' from command line to 'None'
[0.210s] Level 5:colcon.colcon_core.verb:set package 'quadrotor_msgs_encode_decode' build argument 'catkin_cmake_args' from command line to 'None'
[0.210s] Level 5:colcon.colcon_core.verb:set package 'quadrotor_msgs_encode_decode' build argument 'catkin_skip_building_tests' from command line to 'False'
[0.210s] DEBUG:colcon.colcon_core.verb:Building package 'quadrotor_msgs_encode_decode' with the following arguments: {'ament_cmake_args': None, 'build_base': '/home/damian/Fast-Planner/uav_simulator/Utils/build/quadrotor_msgs_encode_decode', 'catkin_cmake_args': None, 'catkin_skip_building_tests': False, 'cmake_args': None, 'cmake_clean_cache': False, 'cmake_clean_first': False, 'cmake_force_configure': False, 'cmake_target': None, 'cmake_target_skip_unavailable': False, 'install_base': '/home/damian/Fast-Planner/uav_simulator/Utils/install/quadrotor_msgs_encode_decode', 'merge_install': False, 'path': '/home/damian/Fast-Planner/uav_simulator/Utils/quadrotor_msgs_encode_decode', 'symlink_install': False, 'test_result_base': None}
[0.210s] INFO:colcon.colcon_core.executor:Executing jobs using 'parallel' executor
[0.211s] DEBUG:colcon.colcon_parallel_executor.executor.parallel:run_until_complete
[0.211s] INFO:colcon.colcon_ros.task.ament_cmake.build:Building ROS package in '/home/damian/Fast-Planner/uav_simulator/Utils/quadrotor_msgs_encode_decode' with build type 'ament_cmake'
[0.211s] INFO:colcon.colcon_cmake.task.cmake.build:Building CMake package in '/home/damian/Fast-Planner/uav_simulator/Utils/quadrotor_msgs_encode_decode'
[0.213s] INFO:colcon.colcon_core.plugin_system:Skipping extension 'colcon_core.shell.bat': Not used on non-Windows systems
[0.213s] INFO:colcon.colcon_core.shell:Skip shell extension 'powershell' for command environment: Not usable outside of PowerShell
[0.213s] DEBUG:colcon.colcon_core.shell:Skip shell extension 'dsv' for command environment
[0.222s] DEBUG:colcon.colcon_core.event_handler.log_command:Invoking command in '/home/damian/Fast-Planner/uav_simulator/Utils/build/quadrotor_msgs_encode_decode': AMENT_PREFIX_PATH=/home/damian/Fast-Planner/uav_simulator/Utils/install/quadrotor_msgs:${AMENT_PREFIX_PATH} CMAKE_PREFIX_PATH=/home/damian/Fast-Planner/uav_simulator/Utils/install/quadrotor_msgs:/opt/ros/humble LD_LIBRARY_PATH=/home/damian/Fast-Planner/uav_simulator/Utils/install/quadrotor_msgs/lib:${LD_LIBRARY_PATH} PYTHONPATH=/home/damian/Fast-Planner/uav_simulator/Utils/install/quadrotor_msgs/local/lib/python3.10/dist-packages:${PYTHONPATH} /usr/bin/cmake /home/damian/Fast-Planner/uav_simulator/Utils/quadrotor_msgs_encode_decode -DCMAKE_INSTALL_PREFIX=/home/damian/Fast-Planner/uav_simulator/Utils/install/quadrotor_msgs_encode_decode
[1.282s] DEBUG:colcon.colcon_core.event_handler.log_command:Invoked command in '/home/damian/Fast-Planner/uav_simulator/Utils/build/quadrotor_msgs_encode_decode' returned '0': AMENT_PREFIX_PATH=/home/damian/Fast-Planner/uav_simulator/Utils/install/quadrotor_msgs:${AMENT_PREFIX_PATH} CMAKE_PREFIX_PATH=/home/damian/Fast-Planner/uav_simulator/Utils/install/quadrotor_msgs:/opt/ros/humble LD_LIBRARY_PATH=/home/damian/Fast-Planner/uav_simulator/Utils/install/quadrotor_msgs/lib:${LD_LIBRARY_PATH} PYTHONPATH=/home/damian/Fast-Planner/uav_simulator/Utils/install/quadrotor_msgs/local/lib/python3.10/dist-packages:${PYTHONPATH} /usr/bin/cmake /home/damian/Fast-Planner/uav_simulator/Utils/quadrotor_msgs_encode_decode -DCMAKE_INSTALL_PREFIX=/home/damian/Fast-Planner/uav_simulator/Utils/install/quadrotor_msgs_encode_decode
[1.284s] DEBUG:colcon.colcon_core.event_handler.log_command:Invoking command in '/home/damian/Fast-Planner/uav_simulator/Utils/build/quadrotor_msgs_encode_decode': AMENT_PREFIX_PATH=/home/damian/Fast-Planner/uav_simulator/Utils/install/quadrotor_msgs:${AMENT_PREFIX_PATH} CMAKE_PREFIX_PATH=/home/damian/Fast-Planner/uav_simulator/Utils/install/quadrotor_msgs:/opt/ros/humble LD_LIBRARY_PATH=/home/damian/Fast-Planner/uav_simulator/Utils/install/quadrotor_msgs/lib:${LD_LIBRARY_PATH} PYTHONPATH=/home/damian/Fast-Planner/uav_simulator/Utils/install/quadrotor_msgs/local/lib/python3.10/dist-packages:${PYTHONPATH} /usr/bin/cmake --build /home/damian/Fast-Planner/uav_simulator/Utils/build/quadrotor_msgs_encode_decode -- -j12 -l12
[2.543s] DEBUG:colcon.colcon_core.event_handler.log_command:Invoked command in '/home/damian/Fast-Planner/uav_simulator/Utils/build/quadrotor_msgs_encode_decode' returned '0': AMENT_PREFIX_PATH=/home/damian/Fast-Planner/uav_simulator/Utils/install/quadrotor_msgs:${AMENT_PREFIX_PATH} CMAKE_PREFIX_PATH=/home/damian/Fast-Planner/uav_simulator/Utils/install/quadrotor_msgs:/opt/ros/humble LD_LIBRARY_PATH=/home/damian/Fast-Planner/uav_simulator/Utils/install/quadrotor_msgs/lib:${LD_LIBRARY_PATH} PYTHONPATH=/home/damian/Fast-Planner/uav_simulator/Utils/install/quadrotor_msgs/local/lib/python3.10/dist-packages:${PYTHONPATH} /usr/bin/cmake --build /home/damian/Fast-Planner/uav_simulator/Utils/build/quadrotor_msgs_encode_decode -- -j12 -l12
[2.551s] DEBUG:colcon.colcon_core.event_handler.log_command:Invoking command in '/home/damian/Fast-Planner/uav_simulator/Utils/build/quadrotor_msgs_encode_decode': AMENT_PREFIX_PATH=/home/damian/Fast-Planner/uav_simulator/Utils/install/quadrotor_msgs:${AMENT_PREFIX_PATH} CMAKE_PREFIX_PATH=/home/damian/Fast-Planner/uav_simulator/Utils/install/quadrotor_msgs:/opt/ros/humble LD_LIBRARY_PATH=/home/damian/Fast-Planner/uav_simulator/Utils/install/quadrotor_msgs/lib:${LD_LIBRARY_PATH} PYTHONPATH=/home/damian/Fast-Planner/uav_simulator/Utils/install/quadrotor_msgs/local/lib/python3.10/dist-packages:${PYTHONPATH} /usr/bin/cmake --install /home/damian/Fast-Planner/uav_simulator/Utils/build/quadrotor_msgs_encode_decode
[2.561s] Level 1:colcon.colcon_core.environment:create_environment_scripts_only(quadrotor_msgs_encode_decode)
[2.562s] DEBUG:colcon.colcon_core.event_handler.log_command:Invoked command in '/home/damian/Fast-Planner/uav_simulator/Utils/build/quadrotor_msgs_encode_decode' returned '0': AMENT_PREFIX_PATH=/home/damian/Fast-Planner/uav_simulator/Utils/install/quadrotor_msgs:${AMENT_PREFIX_PATH} CMAKE_PREFIX_PATH=/home/damian/Fast-Planner/uav_simulator/Utils/install/quadrotor_msgs:/opt/ros/humble LD_LIBRARY_PATH=/home/damian/Fast-Planner/uav_simulator/Utils/install/quadrotor_msgs/lib:${LD_LIBRARY_PATH} PYTHONPATH=/home/damian/Fast-Planner/uav_simulator/Utils/install/quadrotor_msgs/local/lib/python3.10/dist-packages:${PYTHONPATH} /usr/bin/cmake --install /home/damian/Fast-Planner/uav_simulator/Utils/build/quadrotor_msgs_encode_decode
[2.563s] Level 1:colcon.colcon_core.environment:checking '/home/damian/Fast-Planner/uav_simulator/Utils/install/quadrotor_msgs_encode_decode' for CMake module files
[2.564s] Level 1:colcon.colcon_core.environment:checking '/home/damian/Fast-Planner/uav_simulator/Utils/install/quadrotor_msgs_encode_decode' for CMake config files
[2.564s] Level 1:colcon.colcon_core.shell:create_environment_hook('quadrotor_msgs_encode_decode', 'cmake_prefix_path')
[2.564s] INFO:colcon.colcon_core.shell:Creating environment hook '/home/damian/Fast-Planner/uav_simulator/Utils/install/quadrotor_msgs_encode_decode/share/quadrotor_msgs_encode_decode/hook/cmake_prefix_path.ps1'
[2.571s] INFO:colcon.colcon_core.shell:Creating environment descriptor '/home/damian/Fast-Planner/uav_simulator/Utils/install/quadrotor_msgs_encode_decode/share/quadrotor_msgs_encode_decode/hook/cmake_prefix_path.dsv'
[2.572s] INFO:colcon.colcon_core.shell:Creating environment hook '/home/damian/Fast-Planner/uav_simulator/Utils/install/quadrotor_msgs_encode_decode/share/quadrotor_msgs_encode_decode/hook/cmake_prefix_path.sh'
[2.572s] Level 1:colcon.colcon_core.environment:checking '/home/damian/Fast-Planner/uav_simulator/Utils/install/quadrotor_msgs_encode_decode/lib'
[2.573s] Level 1:colcon.colcon_core.environment:checking '/home/damian/Fast-Planner/uav_simulator/Utils/install/quadrotor_msgs_encode_decode/bin'
[2.573s] Level 1:colcon.colcon_core.environment:checking '/home/damian/Fast-Planner/uav_simulator/Utils/install/quadrotor_msgs_encode_decode/lib/pkgconfig/quadrotor_msgs_encode_decode.pc'
[2.573s] Level 1:colcon.colcon_core.environment:checking '/home/damian/Fast-Planner/uav_simulator/Utils/install/quadrotor_msgs_encode_decode/lib/python3.10/site-packages'
[2.573s] Level 1:colcon.colcon_core.environment:checking '/home/damian/Fast-Planner/uav_simulator/Utils/install/quadrotor_msgs_encode_decode/bin'
[2.573s] INFO:colcon.colcon_core.shell:Creating package script '/home/damian/Fast-Planner/uav_simulator/Utils/install/quadrotor_msgs_encode_decode/share/quadrotor_msgs_encode_decode/package.ps1'
[2.574s] INFO:colcon.colcon_core.shell:Creating package descriptor '/home/damian/Fast-Planner/uav_simulator/Utils/install/quadrotor_msgs_encode_decode/share/quadrotor_msgs_encode_decode/package.dsv'
[2.574s] INFO:colcon.colcon_core.shell:Creating package script '/home/damian/Fast-Planner/uav_simulator/Utils/install/quadrotor_msgs_encode_decode/share/quadrotor_msgs_encode_decode/package.sh'
[2.575s] INFO:colcon.colcon_core.shell:Creating package script '/home/damian/Fast-Planner/uav_simulator/Utils/install/quadrotor_msgs_encode_decode/share/quadrotor_msgs_encode_decode/package.bash'
[2.575s] INFO:colcon.colcon_core.shell:Creating package script '/home/damian/Fast-Planner/uav_simulator/Utils/install/quadrotor_msgs_encode_decode/share/quadrotor_msgs_encode_decode/package.zsh'
[2.576s] Level 1:colcon.colcon_core.environment:create_file_with_runtime_dependencies(/home/damian/Fast-Planner/uav_simulator/Utils/install/quadrotor_msgs_encode_decode/share/colcon-core/packages/quadrotor_msgs_encode_decode)
[2.576s] Level 1:colcon.colcon_core.environment:create_environment_scripts_only(quadrotor_msgs_encode_decode)
[2.576s] Level 1:colcon.colcon_core.environment:checking '/home/damian/Fast-Planner/uav_simulator/Utils/install/quadrotor_msgs_encode_decode' for CMake module files
[2.577s] Level 1:colcon.colcon_core.environment:checking '/home/damian/Fast-Planner/uav_simulator/Utils/install/quadrotor_msgs_encode_decode' for CMake config files
[2.577s] Level 1:colcon.colcon_core.shell:create_environment_hook('quadrotor_msgs_encode_decode', 'cmake_prefix_path')
[2.577s] INFO:colcon.colcon_core.shell:Creating environment hook '/home/damian/Fast-Planner/uav_simulator/Utils/install/quadrotor_msgs_encode_decode/share/quadrotor_msgs_encode_decode/hook/cmake_prefix_path.ps1'
[2.577s] INFO:colcon.colcon_core.shell:Creating environment descriptor '/home/damian/Fast-Planner/uav_simulator/Utils/install/quadrotor_msgs_encode_decode/share/quadrotor_msgs_encode_decode/hook/cmake_prefix_path.dsv'
[2.578s] INFO:colcon.colcon_core.shell:Creating environment hook '/home/damian/Fast-Planner/uav_simulator/Utils/install/quadrotor_msgs_encode_decode/share/quadrotor_msgs_encode_decode/hook/cmake_prefix_path.sh'
[2.578s] Level 1:colcon.colcon_core.environment:checking '/home/damian/Fast-Planner/uav_simulator/Utils/install/quadrotor_msgs_encode_decode/lib'
[2.578s] Level 1:colcon.colcon_core.environment:checking '/home/damian/Fast-Planner/uav_simulator/Utils/install/quadrotor_msgs_encode_decode/bin'
[2.578s] Level 1:colcon.colcon_core.environment:checking '/home/damian/Fast-Planner/uav_simulator/Utils/install/quadrotor_msgs_encode_decode/lib/pkgconfig/quadrotor_msgs_encode_decode.pc'
[2.578s] Level 1:colcon.colcon_core.environment:checking '/home/damian/Fast-Planner/uav_simulator/Utils/install/quadrotor_msgs_encode_decode/lib/python3.10/site-packages'
[2.578s] Level 1:colcon.colcon_core.environment:checking '/home/damian/Fast-Planner/uav_simulator/Utils/install/quadrotor_msgs_encode_decode/bin'
[2.579s] INFO:colcon.colcon_core.shell:Creating package script '/home/damian/Fast-Planner/uav_simulator/Utils/install/quadrotor_msgs_encode_decode/share/quadrotor_msgs_encode_decode/package.ps1'
[2.579s] INFO:colcon.colcon_core.shell:Creating package descriptor '/home/damian/Fast-Planner/uav_simulator/Utils/install/quadrotor_msgs_encode_decode/share/quadrotor_msgs_encode_decode/package.dsv'
[2.579s] INFO:colcon.colcon_core.shell:Creating package script '/home/damian/Fast-Planner/uav_simulator/Utils/install/quadrotor_msgs_encode_decode/share/quadrotor_msgs_encode_decode/package.sh'
[2.580s] INFO:colcon.colcon_core.shell:Creating package script '/home/damian/Fast-Planner/uav_simulator/Utils/install/quadrotor_msgs_encode_decode/share/quadrotor_msgs_encode_decode/package.bash'
[2.580s] INFO:colcon.colcon_core.shell:Creating package script '/home/damian/Fast-Planner/uav_simulator/Utils/install/quadrotor_msgs_encode_decode/share/quadrotor_msgs_encode_decode/package.zsh'
[2.580s] Level 1:colcon.colcon_core.environment:create_file_with_runtime_dependencies(/home/damian/Fast-Planner/uav_simulator/Utils/install/quadrotor_msgs_encode_decode/share/colcon-core/packages/quadrotor_msgs_encode_decode)
[2.580s] DEBUG:colcon.colcon_parallel_executor.executor.parallel:closing loop
[2.580s] DEBUG:colcon.colcon_parallel_executor.executor.parallel:loop closed
[2.581s] DEBUG:colcon.colcon_parallel_executor.executor.parallel:run_until_complete finished with '0'
[2.581s] DEBUG:colcon.colcon_core.event_reactor:joining thread
[2.585s] INFO:colcon.colcon_core.plugin_system:Skipping extension 'colcon_notification.desktop_notification.terminal_notifier': Not used on non-Darwin systems
[2.585s] INFO:colcon.colcon_core.plugin_system:Skipping extension 'colcon_notification.desktop_notification.win32': Not used on non-Windows systems
[2.585s] INFO:colcon.colcon_notification.desktop_notification:Sending desktop notification using 'notify2'
[2.593s] DEBUG:colcon.colcon_core.event_reactor:joined thread
[2.593s] INFO:colcon.colcon_core.shell:Creating prefix script '/home/damian/Fast-Planner/uav_simulator/Utils/install/local_setup.ps1'
[2.594s] INFO:colcon.colcon_core.shell:Creating prefix util module '/home/damian/Fast-Planner/uav_simulator/Utils/install/_local_setup_util_ps1.py'
[2.595s] INFO:colcon.colcon_core.shell:Creating prefix chain script '/home/damian/Fast-Planner/uav_simulator/Utils/install/setup.ps1'
[2.596s] INFO:colcon.colcon_core.shell:Creating prefix script '/home/damian/Fast-Planner/uav_simulator/Utils/install/local_setup.sh'
[2.596s] INFO:colcon.colcon_core.shell:Creating prefix util module '/home/damian/Fast-Planner/uav_simulator/Utils/install/_local_setup_util_sh.py'
[2.597s] INFO:colcon.colcon_core.shell:Creating prefix chain script '/home/damian/Fast-Planner/uav_simulator/Utils/install/setup.sh'
[2.598s] INFO:colcon.colcon_core.shell:Creating prefix script '/home/damian/Fast-Planner/uav_simulator/Utils/install/local_setup.bash'
[2.598s] INFO:colcon.colcon_core.shell:Creating prefix chain script '/home/damian/Fast-Planner/uav_simulator/Utils/install/setup.bash'
[2.599s] INFO:colcon.colcon_core.shell:Creating prefix script '/home/damian/Fast-Planner/uav_simulator/Utils/install/local_setup.zsh'
[2.599s] INFO:colcon.colcon_core.shell:Creating prefix chain script '/home/damian/Fast-Planner/uav_simulator/Utils/install/setup.zsh'
