[0.008s] Invoking command in '/home/damian/Fast-Planner/uav_simulator/Utils/build/quadrotor_msgs': CMAKE_PREFIX_PATH=/opt/ros/humble /usr/bin/cmake /home/damian/Fast-Planner/uav_simulator/Utils/quadrotor_msgs -DCMAKE_INSTALL_PREFIX=/home/damian/Fast-Planner/uav_simulator/Utils/install/quadrotor_msgs
[0.052s] -- The C compiler identification is GNU 11.4.0
[0.096s] -- The CXX compiler identification is GNU 11.4.0
[0.102s] -- Detecting C compiler ABI info
[0.157s] -- Detecting C compiler ABI info - done
[0.163s] -- Check for working C compiler: /usr/bin/cc - skipped
[0.163s] -- Detecting C compile features
[0.163s] -- Detecting C compile features - done
[0.166s] -- Detecting CXX compiler ABI info
[0.229s] -- Detecting CXX compiler ABI info - done
[0.236s] -- Check for working CXX compiler: /usr/bin/c++ - skipped
[0.236s] -- Detecting CXX compile features
[0.236s] -- Detecting CXX compile features - done
[0.238s] -- Found ament_cmake: 1.3.12 (/opt/ros/humble/share/ament_cmake/cmake)
[0.529s] -- Found Python3: /usr/bin/python3 (found version "3.10.12") found components: Interpreter 
[0.600s] -- Found rosidl_default_generators: 1.2.0 (/opt/ros/humble/share/rosidl_default_generators/cmake)
[0.603s] -- Using all available rosidl_typesupport_c: rosidl_typesupport_fastrtps_c;rosidl_typesupport_introspection_c
[0.609s] -- Found rosidl_adapter: 3.1.7 (/opt/ros/humble/share/rosidl_adapter/cmake)
[0.644s] -- Using all available rosidl_typesupport_cpp: rosidl_typesupport_fastrtps_cpp;rosidl_typesupport_introspection_cpp
[0.672s] -- Found nav_msgs: 4.9.0 (/opt/ros/humble/share/nav_msgs/cmake)
[1.025s] -- Found ament_cmake_ros: 0.10.0 (/opt/ros/humble/share/ament_cmake_ros/cmake)
[1.252s] -- Using all available rosidl_typesupport_c: rosidl_typesupport_fastrtps_c;rosidl_typesupport_introspection_c
[1.539s] -- Using all available rosidl_typesupport_cpp: rosidl_typesupport_fastrtps_cpp;rosidl_typesupport_introspection_cpp
[1.557s] -- Found PythonInterp: /usr/bin/python3 (found suitable version "3.10.12", minimum required is "3.6") 
[1.558s] -- Found python_cmake_module: 0.10.0 (/opt/ros/humble/share/python_cmake_module/cmake)
[1.579s] -- Found PythonLibs: /usr/lib/x86_64-linux-gnu/libpython3.10.so (found suitable version "3.10.12", minimum required is "3.5") 
[1.579s] -- Using PYTHON_EXECUTABLE: /usr/bin/python3
[1.579s] -- Using PYTHON_INCLUDE_DIRS: /usr/include/python3.10
[1.579s] -- Using PYTHON_LIBRARIES: /usr/lib/x86_64-linux-gnu/libpython3.10.so
[1.596s] -- Found PythonExtra: .so  
[1.657s] -- Configuring done
[1.704s] -- Generating done
[1.716s] -- Build files have been written to: /home/damian/Fast-Planner/uav_simulator/Utils/build/quadrotor_msgs
[1.723s] Invoked command in '/home/damian/Fast-Planner/uav_simulator/Utils/build/quadrotor_msgs' returned '0': CMAKE_PREFIX_PATH=/opt/ros/humble /usr/bin/cmake /home/damian/Fast-Planner/uav_simulator/Utils/quadrotor_msgs -DCMAKE_INSTALL_PREFIX=/home/damian/Fast-Planner/uav_simulator/Utils/install/quadrotor_msgs
[1.725s] Invoking command in '/home/damian/Fast-Planner/uav_simulator/Utils/build/quadrotor_msgs': CMAKE_PREFIX_PATH=/opt/ros/humble /usr/bin/cmake --build /home/damian/Fast-Planner/uav_simulator/Utils/build/quadrotor_msgs -- -j12 -l12
[1.758s] [  1%] [34m[1mGenerating C code for ROS interfaces[0m
[1.766s] [  1%] [34m[1mGenerating C++ code for ROS interfaces[0m
[1.773s] [  1%] Built target ament_cmake_python_copy_quadrotor_msgs
[1.956s] running egg_info
[1.971s] creating quadrotor_msgs.egg-info
[1.971s] writing quadrotor_msgs.egg-info/PKG-INFO
[1.971s] writing dependency_links to quadrotor_msgs.egg-info/dependency_links.txt
[1.972s] writing top-level names to quadrotor_msgs.egg-info/top_level.txt
[1.972s] writing manifest file 'quadrotor_msgs.egg-info/SOURCES.txt'
[2.016s] reading manifest file 'quadrotor_msgs.egg-info/SOURCES.txt'
[2.017s] writing manifest file 'quadrotor_msgs.egg-info/SOURCES.txt'
[2.039s] [  1%] Built target ament_cmake_python_build_quadrotor_msgs_egg
[2.817s] [  1%] Built target quadrotor_msgs__cpp
[2.827s] [  2%] [34m[1mGenerating C++ introspection for ROS interfaces[0m
[2.827s] [  2%] [34m[1mGenerating C++ type support dispatch for ROS interfaces[0m
[2.827s] [  3%] [34m[1mGenerating C++ type support for eProsima Fast-RTPS[0m
[2.840s] [  5%] [32mBuilding C object CMakeFiles/quadrotor_msgs__rosidl_generator_c.dir/rosidl_generator_c/quadrotor_msgs/msg/detail/corrections__functions.c.o[0m
[2.840s] [  5%] [32mBuilding C object CMakeFiles/quadrotor_msgs__rosidl_generator_c.dir/rosidl_generator_c/quadrotor_msgs/msg/detail/aux_command__functions.c.o[0m
[2.840s] [  5%] [32mBuilding C object CMakeFiles/quadrotor_msgs__rosidl_generator_c.dir/rosidl_generator_c/quadrotor_msgs/msg/detail/gains__functions.c.o[0m
[2.840s] [  6%] [32mBuilding C object CMakeFiles/quadrotor_msgs__rosidl_generator_c.dir/rosidl_generator_c/quadrotor_msgs/msg/detail/ppr_output_data__functions.c.o[0m
[2.840s] [  7%] [32mBuilding C object CMakeFiles/quadrotor_msgs__rosidl_generator_c.dir/rosidl_generator_c/quadrotor_msgs/msg/detail/output_data__functions.c.o[0m
[2.840s] [  7%] [32mBuilding C object CMakeFiles/quadrotor_msgs__rosidl_generator_c.dir/rosidl_generator_c/quadrotor_msgs/msg/detail/serial__functions.c.o[0m
[2.840s] [  8%] [32mBuilding C object CMakeFiles/quadrotor_msgs__rosidl_generator_c.dir/rosidl_generator_c/quadrotor_msgs/msg/detail/so3_command__functions.c.o[0m
[2.841s] [  9%] [32mBuilding C object CMakeFiles/quadrotor_msgs__rosidl_generator_c.dir/rosidl_generator_c/quadrotor_msgs/msg/detail/position_command__functions.c.o[0m
[2.841s] [ 10%] [32mBuilding C object CMakeFiles/quadrotor_msgs__rosidl_generator_c.dir/rosidl_generator_c/quadrotor_msgs/msg/detail/status_data__functions.c.o[0m
[2.901s] [ 11%] [32mBuilding C object CMakeFiles/quadrotor_msgs__rosidl_generator_c.dir/rosidl_generator_c/quadrotor_msgs/msg/detail/trpy_command__functions.c.o[0m
[2.901s] [ 12%] [32mBuilding C object CMakeFiles/quadrotor_msgs__rosidl_generator_c.dir/rosidl_generator_c/quadrotor_msgs/msg/detail/odometry__functions.c.o[0m
[2.902s] [ 12%] [32mBuilding C object CMakeFiles/quadrotor_msgs__rosidl_generator_c.dir/rosidl_generator_c/quadrotor_msgs/msg/detail/polynomial_trajectory__functions.c.o[0m
[2.905s] [ 13%] [32mBuilding C object CMakeFiles/quadrotor_msgs__rosidl_generator_c.dir/rosidl_generator_c/quadrotor_msgs/msg/detail/lqr_trajectory__functions.c.o[0m
[2.968s] [ 14%] [32m[1mLinking C shared library libquadrotor_msgs__rosidl_generator_c.so[0m
[3.002s] [ 14%] Built target quadrotor_msgs__rosidl_generator_c
[3.011s] [ 15%] [34m[1mGenerating C introspection for ROS interfaces[0m
[3.011s] [ 16%] [34m[1mGenerating C type support for eProsima Fast-RTPS[0m
[3.011s] [ 17%] [34m[1mGenerating C type support dispatch for ROS interfaces[0m
[3.584s] [ 19%] [32mBuilding CXX object CMakeFiles/quadrotor_msgs__rosidl_typesupport_cpp.dir/rosidl_typesupport_cpp/quadrotor_msgs/msg/aux_command__type_support.cpp.o[0m
[3.584s] [ 19%] [32mBuilding CXX object CMakeFiles/quadrotor_msgs__rosidl_typesupport_cpp.dir/rosidl_typesupport_cpp/quadrotor_msgs/msg/gains__type_support.cpp.o[0m
[3.584s] [ 20%] [32mBuilding CXX object CMakeFiles/quadrotor_msgs__rosidl_typesupport_cpp.dir/rosidl_typesupport_cpp/quadrotor_msgs/msg/corrections__type_support.cpp.o[0m
[3.584s] [ 20%] [32mBuilding CXX object CMakeFiles/quadrotor_msgs__rosidl_typesupport_cpp.dir/rosidl_typesupport_cpp/quadrotor_msgs/msg/output_data__type_support.cpp.o[0m
[3.584s] [ 21%] [32mBuilding CXX object CMakeFiles/quadrotor_msgs__rosidl_typesupport_cpp.dir/rosidl_typesupport_cpp/quadrotor_msgs/msg/position_command__type_support.cpp.o[0m
[3.584s] [ 22%] [32mBuilding CXX object CMakeFiles/quadrotor_msgs__rosidl_typesupport_cpp.dir/rosidl_typesupport_cpp/quadrotor_msgs/msg/ppr_output_data__type_support.cpp.o[0m
[3.584s] [ 23%] [32mBuilding CXX object CMakeFiles/quadrotor_msgs__rosidl_typesupport_cpp.dir/rosidl_typesupport_cpp/quadrotor_msgs/msg/serial__type_support.cpp.o[0m
[3.949s] [ 23%] [32mBuilding CXX object CMakeFiles/quadrotor_msgs__rosidl_typesupport_cpp.dir/rosidl_typesupport_cpp/quadrotor_msgs/msg/so3_command__type_support.cpp.o[0m
[3.951s] [ 23%] [32mBuilding CXX object CMakeFiles/quadrotor_msgs__rosidl_typesupport_c.dir/rosidl_typesupport_c/quadrotor_msgs/msg/aux_command__type_support.cpp.o[0m
[3.953s] [ 24%] [32mBuilding CXX object CMakeFiles/quadrotor_msgs__rosidl_typesupport_cpp.dir/rosidl_typesupport_cpp/quadrotor_msgs/msg/status_data__type_support.cpp.o[0m
[3.962s] [ 25%] [32mBuilding CXX object CMakeFiles/quadrotor_msgs__rosidl_typesupport_c.dir/rosidl_typesupport_c/quadrotor_msgs/msg/corrections__type_support.cpp.o[0m
[3.964s] [ 26%] [32mBuilding CXX object CMakeFiles/quadrotor_msgs__rosidl_typesupport_cpp.dir/rosidl_typesupport_cpp/quadrotor_msgs/msg/trpy_command__type_support.cpp.o[0m
[3.964s] [ 27%] [32mBuilding CXX object CMakeFiles/quadrotor_msgs__rosidl_typesupport_cpp.dir/rosidl_typesupport_cpp/quadrotor_msgs/msg/odometry__type_support.cpp.o[0m
[3.973s] [ 28%] [32mBuilding CXX object CMakeFiles/quadrotor_msgs__rosidl_typesupport_cpp.dir/rosidl_typesupport_cpp/quadrotor_msgs/msg/polynomial_trajectory__type_support.cpp.o[0m
[3.980s] [ 29%] [32mBuilding CXX object CMakeFiles/quadrotor_msgs__rosidl_typesupport_c.dir/rosidl_typesupport_c/quadrotor_msgs/msg/gains__type_support.cpp.o[0m
[3.989s] [ 30%] [32mBuilding CXX object CMakeFiles/quadrotor_msgs__rosidl_typesupport_introspection_cpp.dir/rosidl_typesupport_introspection_cpp/quadrotor_msgs/msg/detail/aux_command__type_support.cpp.o[0m
[3.995s] [ 30%] [32mBuilding CXX object CMakeFiles/quadrotor_msgs__rosidl_typesupport_cpp.dir/rosidl_typesupport_cpp/quadrotor_msgs/msg/lqr_trajectory__type_support.cpp.o[0m
[4.002s] [ 31%] [32mBuilding CXX object CMakeFiles/quadrotor_msgs__rosidl_typesupport_introspection_cpp.dir/rosidl_typesupport_introspection_cpp/quadrotor_msgs/msg/detail/corrections__type_support.cpp.o[0m
[4.021s] [ 32%] [32mBuilding CXX object CMakeFiles/quadrotor_msgs__rosidl_typesupport_c.dir/rosidl_typesupport_c/quadrotor_msgs/msg/output_data__type_support.cpp.o[0m
[4.062s] [ 33%] [32mBuilding CXX object CMakeFiles/quadrotor_msgs__rosidl_typesupport_c.dir/rosidl_typesupport_c/quadrotor_msgs/msg/position_command__type_support.cpp.o[0m
[4.103s] [ 33%] [32mBuilding CXX object CMakeFiles/quadrotor_msgs__rosidl_typesupport_c.dir/rosidl_typesupport_c/quadrotor_msgs/msg/ppr_output_data__type_support.cpp.o[0m
[4.147s] [ 34%] [32mBuilding CXX object CMakeFiles/quadrotor_msgs__rosidl_typesupport_c.dir/rosidl_typesupport_c/quadrotor_msgs/msg/serial__type_support.cpp.o[0m
[4.189s] [ 35%] [32mBuilding CXX object CMakeFiles/quadrotor_msgs__rosidl_typesupport_fastrtps_cpp.dir/rosidl_typesupport_fastrtps_cpp/quadrotor_msgs/msg/detail/dds_fastrtps/aux_command__type_support.cpp.o[0m
[4.193s] [ 36%] [32mBuilding CXX object CMakeFiles/quadrotor_msgs__rosidl_typesupport_c.dir/rosidl_typesupport_c/quadrotor_msgs/msg/so3_command__type_support.cpp.o[0m
[4.240s] [ 37%] [32mBuilding CXX object CMakeFiles/quadrotor_msgs__rosidl_typesupport_c.dir/rosidl_typesupport_c/quadrotor_msgs/msg/status_data__type_support.cpp.o[0m
[4.284s] [ 38%] [32mBuilding CXX object CMakeFiles/quadrotor_msgs__rosidl_typesupport_c.dir/rosidl_typesupport_c/quadrotor_msgs/msg/trpy_command__type_support.cpp.o[0m
[4.332s] [ 38%] [32mBuilding CXX object CMakeFiles/quadrotor_msgs__rosidl_typesupport_c.dir/rosidl_typesupport_c/quadrotor_msgs/msg/odometry__type_support.cpp.o[0m
[4.342s] [ 39%] [32mBuilding CXX object CMakeFiles/quadrotor_msgs__rosidl_typesupport_fastrtps_cpp.dir/rosidl_typesupport_fastrtps_cpp/quadrotor_msgs/msg/detail/dds_fastrtps/corrections__type_support.cpp.o[0m
[4.342s] [ 40%] [32mBuilding CXX object CMakeFiles/quadrotor_msgs__rosidl_typesupport_introspection_cpp.dir/rosidl_typesupport_introspection_cpp/quadrotor_msgs/msg/detail/gains__type_support.cpp.o[0m
[4.348s] [ 41%] [32mBuilding CXX object CMakeFiles/quadrotor_msgs__rosidl_typesupport_introspection_cpp.dir/rosidl_typesupport_introspection_cpp/quadrotor_msgs/msg/detail/output_data__type_support.cpp.o[0m
[4.354s] [ 42%] [32mBuilding CXX object CMakeFiles/quadrotor_msgs__rosidl_typesupport_fastrtps_cpp.dir/rosidl_typesupport_fastrtps_cpp/quadrotor_msgs/msg/detail/dds_fastrtps/gains__type_support.cpp.o[0m
[4.362s] [ 42%] [32mBuilding CXX object CMakeFiles/quadrotor_msgs__rosidl_typesupport_fastrtps_cpp.dir/rosidl_typesupport_fastrtps_cpp/quadrotor_msgs/msg/detail/dds_fastrtps/output_data__type_support.cpp.o[0m
[4.375s] [ 44%] [32m[1mLinking CXX shared library libquadrotor_msgs__rosidl_typesupport_cpp.so[0m
[4.375s] [ 44%] [32mBuilding CXX object CMakeFiles/quadrotor_msgs__rosidl_typesupport_c.dir/rosidl_typesupport_c/quadrotor_msgs/msg/polynomial_trajectory__type_support.cpp.o[0m
[4.406s] [ 45%] [32mBuilding C object CMakeFiles/quadrotor_msgs__rosidl_typesupport_introspection_c.dir/rosidl_typesupport_introspection_c/quadrotor_msgs/msg/detail/aux_command__type_support.c.o[0m
[4.421s] [ 46%] [32mBuilding CXX object CMakeFiles/quadrotor_msgs__rosidl_typesupport_c.dir/rosidl_typesupport_c/quadrotor_msgs/msg/lqr_trajectory__type_support.cpp.o[0m
[4.435s] [ 46%] Built target quadrotor_msgs__rosidl_typesupport_cpp
[4.445s] [ 47%] [32mBuilding CXX object CMakeFiles/quadrotor_msgs__rosidl_typesupport_fastrtps_cpp.dir/rosidl_typesupport_fastrtps_cpp/quadrotor_msgs/msg/detail/dds_fastrtps/position_command__type_support.cpp.o[0m
[4.459s] [ 48%] [32mBuilding C object CMakeFiles/quadrotor_msgs__rosidl_typesupport_introspection_c.dir/rosidl_typesupport_introspection_c/quadrotor_msgs/msg/detail/corrections__type_support.c.o[0m
[4.459s] [ 49%] [32m[1mLinking CXX shared library libquadrotor_msgs__rosidl_typesupport_c.so[0m
[4.507s] [ 49%] [32mBuilding C object CMakeFiles/quadrotor_msgs__rosidl_typesupport_introspection_c.dir/rosidl_typesupport_introspection_c/quadrotor_msgs/msg/detail/gains__type_support.c.o[0m
[4.519s] [ 49%] Built target quadrotor_msgs__rosidl_typesupport_c
[4.535s] [ 50%] [32mBuilding CXX object CMakeFiles/quadrotor_msgs__rosidl_typesupport_fastrtps_c.dir/rosidl_typesupport_fastrtps_c/quadrotor_msgs/msg/detail/aux_command__type_support_c.cpp.o[0m
[4.537s] [ 51%] [32mBuilding C object CMakeFiles/quadrotor_msgs__rosidl_typesupport_introspection_c.dir/rosidl_typesupport_introspection_c/quadrotor_msgs/msg/detail/output_data__type_support.c.o[0m
[4.539s] [ 52%] [32mBuilding C object CMakeFiles/quadrotor_msgs__rosidl_typesupport_introspection_c.dir/rosidl_typesupport_introspection_c/quadrotor_msgs/msg/detail/position_command__type_support.c.o[0m
[4.546s] [ 53%] [32mBuilding CXX object CMakeFiles/quadrotor_msgs__rosidl_typesupport_fastrtps_cpp.dir/rosidl_typesupport_fastrtps_cpp/quadrotor_msgs/msg/detail/dds_fastrtps/ppr_output_data__type_support.cpp.o[0m
[4.557s] [ 54%] [32mBuilding CXX object CMakeFiles/quadrotor_msgs__rosidl_typesupport_fastrtps_cpp.dir/rosidl_typesupport_fastrtps_cpp/quadrotor_msgs/msg/detail/dds_fastrtps/serial__type_support.cpp.o[0m
[4.589s] [ 54%] [32mBuilding CXX object CMakeFiles/quadrotor_msgs__rosidl_typesupport_introspection_cpp.dir/rosidl_typesupport_introspection_cpp/quadrotor_msgs/msg/detail/position_command__type_support.cpp.o[0m
[4.593s] [ 55%] [32mBuilding C object CMakeFiles/quadrotor_msgs__rosidl_typesupport_introspection_c.dir/rosidl_typesupport_introspection_c/quadrotor_msgs/msg/detail/ppr_output_data__type_support.c.o[0m
[4.646s] [ 56%] [32mBuilding C object CMakeFiles/quadrotor_msgs__rosidl_typesupport_introspection_c.dir/rosidl_typesupport_introspection_c/quadrotor_msgs/msg/detail/serial__type_support.c.o[0m
[4.702s] [ 56%] [32mBuilding C object CMakeFiles/quadrotor_msgs__rosidl_typesupport_introspection_c.dir/rosidl_typesupport_introspection_c/quadrotor_msgs/msg/detail/so3_command__type_support.c.o[0m
[4.754s] [ 57%] [32mBuilding C object CMakeFiles/quadrotor_msgs__rosidl_typesupport_introspection_c.dir/rosidl_typesupport_introspection_c/quadrotor_msgs/msg/detail/status_data__type_support.c.o[0m
[4.771s] [ 58%] [32mBuilding C object CMakeFiles/quadrotor_msgs__rosidl_typesupport_introspection_c.dir/rosidl_typesupport_introspection_c/quadrotor_msgs/msg/detail/trpy_command__type_support.c.o[0m
[4.805s] [ 58%] [32mBuilding CXX object CMakeFiles/quadrotor_msgs__rosidl_typesupport_fastrtps_c.dir/rosidl_typesupport_fastrtps_c/quadrotor_msgs/msg/detail/corrections__type_support_c.cpp.o[0m
[4.822s] [ 59%] [32mBuilding C object CMakeFiles/quadrotor_msgs__rosidl_typesupport_introspection_c.dir/rosidl_typesupport_introspection_c/quadrotor_msgs/msg/detail/odometry__type_support.c.o[0m
[4.878s] [ 60%] [32mBuilding C object CMakeFiles/quadrotor_msgs__rosidl_typesupport_introspection_c.dir/rosidl_typesupport_introspection_c/quadrotor_msgs/msg/detail/polynomial_trajectory__type_support.c.o[0m
[4.888s] [ 61%] [32mBuilding CXX object CMakeFiles/quadrotor_msgs__rosidl_typesupport_fastrtps_c.dir/rosidl_typesupport_fastrtps_c/quadrotor_msgs/msg/detail/gains__type_support_c.cpp.o[0m
[4.899s] [ 62%] [32mBuilding CXX object CMakeFiles/quadrotor_msgs__rosidl_typesupport_fastrtps_c.dir/rosidl_typesupport_fastrtps_c/quadrotor_msgs/msg/detail/output_data__type_support_c.cpp.o[0m
[4.912s] [ 63%] [32mBuilding CXX object CMakeFiles/quadrotor_msgs__rosidl_typesupport_introspection_cpp.dir/rosidl_typesupport_introspection_cpp/quadrotor_msgs/msg/detail/ppr_output_data__type_support.cpp.o[0m
[4.923s] [ 63%] [32mBuilding C object CMakeFiles/quadrotor_msgs__rosidl_typesupport_introspection_c.dir/rosidl_typesupport_introspection_c/quadrotor_msgs/msg/detail/lqr_trajectory__type_support.c.o[0m
[4.937s] [ 64%] [32mBuilding CXX object CMakeFiles/quadrotor_msgs__rosidl_typesupport_fastrtps_c.dir/rosidl_typesupport_fastrtps_c/quadrotor_msgs/msg/detail/position_command__type_support_c.cpp.o[0m
[4.950s] [ 65%] [32mBuilding CXX object CMakeFiles/quadrotor_msgs__rosidl_typesupport_fastrtps_cpp.dir/rosidl_typesupport_fastrtps_cpp/quadrotor_msgs/msg/detail/dds_fastrtps/so3_command__type_support.cpp.o[0m
[4.980s] [ 66%] [32m[1mLinking C shared library libquadrotor_msgs__rosidl_typesupport_introspection_c.so[0m
[5.009s] [ 67%] [32mBuilding CXX object CMakeFiles/quadrotor_msgs__rosidl_typesupport_fastrtps_c.dir/rosidl_typesupport_fastrtps_c/quadrotor_msgs/msg/detail/ppr_output_data__type_support_c.cpp.o[0m
[5.031s] [ 68%] [32mBuilding CXX object CMakeFiles/quadrotor_msgs__rosidl_typesupport_introspection_cpp.dir/rosidl_typesupport_introspection_cpp/quadrotor_msgs/msg/detail/serial__type_support.cpp.o[0m
[5.031s] [ 68%] Built target quadrotor_msgs__rosidl_typesupport_introspection_c
[5.040s] [ 68%] [32mBuilding CXX object CMakeFiles/quadrotor_msgs__rosidl_typesupport_fastrtps_cpp.dir/rosidl_typesupport_fastrtps_cpp/quadrotor_msgs/msg/detail/dds_fastrtps/status_data__type_support.cpp.o[0m
[5.152s] [ 69%] [32mBuilding CXX object CMakeFiles/quadrotor_msgs__rosidl_typesupport_fastrtps_cpp.dir/rosidl_typesupport_fastrtps_cpp/quadrotor_msgs/msg/detail/dds_fastrtps/trpy_command__type_support.cpp.o[0m
[5.177s] [ 69%] [32mBuilding CXX object CMakeFiles/quadrotor_msgs__rosidl_typesupport_fastrtps_c.dir/rosidl_typesupport_fastrtps_c/quadrotor_msgs/msg/detail/serial__type_support_c.cpp.o[0m
[5.181s] [ 70%] [32mBuilding CXX object CMakeFiles/quadrotor_msgs__rosidl_typesupport_introspection_cpp.dir/rosidl_typesupport_introspection_cpp/quadrotor_msgs/msg/detail/so3_command__type_support.cpp.o[0m
[5.286s] [ 71%] [32mBuilding CXX object CMakeFiles/quadrotor_msgs__rosidl_typesupport_introspection_cpp.dir/rosidl_typesupport_introspection_cpp/quadrotor_msgs/msg/detail/status_data__type_support.cpp.o[0m
[5.352s] [ 71%] [32mBuilding CXX object CMakeFiles/quadrotor_msgs__rosidl_typesupport_introspection_cpp.dir/rosidl_typesupport_introspection_cpp/quadrotor_msgs/msg/detail/trpy_command__type_support.cpp.o[0m
[5.381s] [ 72%] [32mBuilding CXX object CMakeFiles/quadrotor_msgs__rosidl_typesupport_fastrtps_cpp.dir/rosidl_typesupport_fastrtps_cpp/quadrotor_msgs/msg/detail/dds_fastrtps/odometry__type_support.cpp.o[0m
[5.421s] [ 73%] [32mBuilding CXX object CMakeFiles/quadrotor_msgs__rosidl_typesupport_fastrtps_cpp.dir/rosidl_typesupport_fastrtps_cpp/quadrotor_msgs/msg/detail/dds_fastrtps/polynomial_trajectory__type_support.cpp.o[0m
[5.467s] [ 74%] [32mBuilding CXX object CMakeFiles/quadrotor_msgs__rosidl_typesupport_fastrtps_c.dir/rosidl_typesupport_fastrtps_c/quadrotor_msgs/msg/detail/so3_command__type_support_c.cpp.o[0m
[5.490s] [ 75%] [32mBuilding CXX object CMakeFiles/quadrotor_msgs__rosidl_typesupport_fastrtps_cpp.dir/rosidl_typesupport_fastrtps_cpp/quadrotor_msgs/msg/detail/dds_fastrtps/lqr_trajectory__type_support.cpp.o[0m
[5.543s] [ 76%] [32mBuilding CXX object CMakeFiles/quadrotor_msgs__rosidl_typesupport_introspection_cpp.dir/rosidl_typesupport_introspection_cpp/quadrotor_msgs/msg/detail/odometry__type_support.cpp.o[0m
[5.607s] [ 77%] [32mBuilding CXX object CMakeFiles/quadrotor_msgs__rosidl_typesupport_introspection_cpp.dir/rosidl_typesupport_introspection_cpp/quadrotor_msgs/msg/detail/polynomial_trajectory__type_support.cpp.o[0m
[5.647s] [ 78%] [32mBuilding CXX object CMakeFiles/quadrotor_msgs__rosidl_typesupport_fastrtps_c.dir/rosidl_typesupport_fastrtps_c/quadrotor_msgs/msg/detail/status_data__type_support_c.cpp.o[0m
[5.691s] [ 79%] [32mBuilding CXX object CMakeFiles/quadrotor_msgs__rosidl_typesupport_introspection_cpp.dir/rosidl_typesupport_introspection_cpp/quadrotor_msgs/msg/detail/lqr_trajectory__type_support.cpp.o[0m
[5.713s] [ 80%] [32mBuilding CXX object CMakeFiles/quadrotor_msgs__rosidl_typesupport_fastrtps_c.dir/rosidl_typesupport_fastrtps_c/quadrotor_msgs/msg/detail/trpy_command__type_support_c.cpp.o[0m
[5.744s] [ 81%] [32mBuilding CXX object CMakeFiles/quadrotor_msgs__rosidl_typesupport_fastrtps_c.dir/rosidl_typesupport_fastrtps_c/quadrotor_msgs/msg/detail/odometry__type_support_c.cpp.o[0m
[5.861s] [ 81%] [32mBuilding CXX object CMakeFiles/quadrotor_msgs__rosidl_typesupport_fastrtps_c.dir/rosidl_typesupport_fastrtps_c/quadrotor_msgs/msg/detail/polynomial_trajectory__type_support_c.cpp.o[0m
[5.897s] [ 82%] [32mBuilding CXX object CMakeFiles/quadrotor_msgs__rosidl_typesupport_fastrtps_c.dir/rosidl_typesupport_fastrtps_c/quadrotor_msgs/msg/detail/lqr_trajectory__type_support_c.cpp.o[0m
[6.105s] [ 82%] [32m[1mLinking CXX shared library libquadrotor_msgs__rosidl_typesupport_fastrtps_cpp.so[0m
[6.189s] [ 82%] Built target quadrotor_msgs__rosidl_typesupport_fastrtps_cpp
[6.247s] [ 83%] [32m[1mLinking CXX shared library libquadrotor_msgs__rosidl_typesupport_introspection_cpp.so[0m
[6.293s] [ 84%] [32m[1mLinking CXX shared library libquadrotor_msgs__rosidl_typesupport_fastrtps_c.so[0m
[6.314s] [ 84%] Built target quadrotor_msgs__rosidl_typesupport_introspection_cpp
[6.357s] [ 84%] Built target quadrotor_msgs__rosidl_typesupport_fastrtps_c
[6.373s] [ 84%] Built target quadrotor_msgs
[6.389s] [ 85%] [34m[1mGenerating Python code for ROS interfaces[0m
[8.134s] [ 85%] Built target quadrotor_msgs__py
[8.155s] [ 88%] [32mBuilding C object CMakeFiles/quadrotor_msgs__rosidl_generator_py.dir/rosidl_generator_py/quadrotor_msgs/msg/_aux_command_s.c.o[0m
[8.155s] [ 88%] [32mBuilding C object CMakeFiles/quadrotor_msgs__rosidl_generator_py.dir/rosidl_generator_py/quadrotor_msgs/msg/_output_data_s.c.o[0m
[8.155s] [ 88%] [32mBuilding C object CMakeFiles/quadrotor_msgs__rosidl_generator_py.dir/rosidl_generator_py/quadrotor_msgs/msg/_corrections_s.c.o[0m
[8.155s] [ 88%] [32mBuilding C object CMakeFiles/quadrotor_msgs__rosidl_generator_py.dir/rosidl_generator_py/quadrotor_msgs/msg/_gains_s.c.o[0m
[8.155s] [ 89%] [32mBuilding C object CMakeFiles/quadrotor_msgs__rosidl_generator_py.dir/rosidl_generator_py/quadrotor_msgs/msg/_position_command_s.c.o[0m
[8.155s] [ 90%] [32mBuilding C object CMakeFiles/quadrotor_msgs__rosidl_generator_py.dir/rosidl_generator_py/quadrotor_msgs/msg/_ppr_output_data_s.c.o[0m
[8.155s] [ 90%] [32mBuilding C object CMakeFiles/quadrotor_msgs__rosidl_generator_py.dir/rosidl_generator_py/quadrotor_msgs/msg/_serial_s.c.o[0m
[8.155s] [ 91%] [32mBuilding C object CMakeFiles/quadrotor_msgs__rosidl_generator_py.dir/rosidl_generator_py/quadrotor_msgs/msg/_status_data_s.c.o[0m
[8.155s] [ 92%] [32mBuilding C object CMakeFiles/quadrotor_msgs__rosidl_generator_py.dir/rosidl_generator_py/quadrotor_msgs/msg/_so3_command_s.c.o[0m
[8.156s] [ 93%] [32mBuilding C object CMakeFiles/quadrotor_msgs__rosidl_generator_py.dir/rosidl_generator_py/quadrotor_msgs/msg/_trpy_command_s.c.o[0m
[8.156s] [ 94%] [32mBuilding C object CMakeFiles/quadrotor_msgs__rosidl_generator_py.dir/rosidl_generator_py/quadrotor_msgs/msg/_odometry_s.c.o[0m
[8.156s] [ 94%] [32mBuilding C object CMakeFiles/quadrotor_msgs__rosidl_generator_py.dir/rosidl_generator_py/quadrotor_msgs/msg/_polynomial_trajectory_s.c.o[0m
[8.301s] [ 95%] [32mBuilding C object CMakeFiles/quadrotor_msgs__rosidl_generator_py.dir/rosidl_generator_py/quadrotor_msgs/msg/_lqr_trajectory_s.c.o[0m
[8.402s] [ 96%] [32m[1mLinking C shared library rosidl_generator_py/quadrotor_msgs/libquadrotor_msgs__rosidl_generator_py.so[0m
[8.439s] [ 96%] Built target quadrotor_msgs__rosidl_generator_py
[8.455s] [ 99%] [32mBuilding C object CMakeFiles/quadrotor_msgs__rosidl_typesupport_introspection_c__pyext.dir/rosidl_generator_py/quadrotor_msgs/_quadrotor_msgs_s.ep.rosidl_typesupport_introspection_c.c.o[0m
[8.455s] [ 99%] [32mBuilding C object CMakeFiles/quadrotor_msgs__rosidl_typesupport_fastrtps_c__pyext.dir/rosidl_generator_py/quadrotor_msgs/_quadrotor_msgs_s.ep.rosidl_typesupport_fastrtps_c.c.o[0m
[8.455s] [ 99%] [32mBuilding C object CMakeFiles/quadrotor_msgs__rosidl_typesupport_c__pyext.dir/rosidl_generator_py/quadrotor_msgs/_quadrotor_msgs_s.ep.rosidl_typesupport_c.c.o[0m
[8.572s] [100%] [32m[1mLinking C shared library rosidl_generator_py/quadrotor_msgs/quadrotor_msgs_s__rosidl_typesupport_introspection_c.cpython-310-x86_64-linux-gnu.so[0m
[8.572s] [100%] [32m[1mLinking C shared library rosidl_generator_py/quadrotor_msgs/quadrotor_msgs_s__rosidl_typesupport_c.cpython-310-x86_64-linux-gnu.so[0m
[8.572s] [100%] [32m[1mLinking C shared library rosidl_generator_py/quadrotor_msgs/quadrotor_msgs_s__rosidl_typesupport_fastrtps_c.cpython-310-x86_64-linux-gnu.so[0m
[8.610s] [100%] Built target quadrotor_msgs__rosidl_typesupport_fastrtps_c__pyext
[8.610s] [100%] Built target quadrotor_msgs__rosidl_typesupport_c__pyext
[8.610s] [100%] Built target quadrotor_msgs__rosidl_typesupport_introspection_c__pyext
[8.621s] Invoked command in '/home/damian/Fast-Planner/uav_simulator/Utils/build/quadrotor_msgs' returned '0': CMAKE_PREFIX_PATH=/opt/ros/humble /usr/bin/cmake --build /home/damian/Fast-Planner/uav_simulator/Utils/build/quadrotor_msgs -- -j12 -l12
[8.628s] Invoking command in '/home/damian/Fast-Planner/uav_simulator/Utils/build/quadrotor_msgs': CMAKE_PREFIX_PATH=/opt/ros/humble /usr/bin/cmake --install /home/damian/Fast-Planner/uav_simulator/Utils/build/quadrotor_msgs
[8.636s] -- Install configuration: ""
[8.636s] -- Installing: /home/damian/Fast-Planner/uav_simulator/Utils/install/quadrotor_msgs/share/ament_index/resource_index/rosidl_interfaces/quadrotor_msgs
[8.636s] -- Installing: /home/damian/Fast-Planner/uav_simulator/Utils/install/quadrotor_msgs/include/quadrotor_msgs/quadrotor_msgs
[8.636s] -- Installing: /home/damian/Fast-Planner/uav_simulator/Utils/install/quadrotor_msgs/include/quadrotor_msgs/quadrotor_msgs/msg
[8.636s] -- Installing: /home/damian/Fast-Planner/uav_simulator/Utils/install/quadrotor_msgs/include/quadrotor_msgs/quadrotor_msgs/msg/lqr_trajectory.h
[8.636s] -- Installing: /home/damian/Fast-Planner/uav_simulator/Utils/install/quadrotor_msgs/include/quadrotor_msgs/quadrotor_msgs/msg/serial.h
[8.636s] -- Installing: /home/damian/Fast-Planner/uav_simulator/Utils/install/quadrotor_msgs/include/quadrotor_msgs/quadrotor_msgs/msg/status_data.h
[8.637s] -- Installing: /home/damian/Fast-Planner/uav_simulator/Utils/install/quadrotor_msgs/include/quadrotor_msgs/quadrotor_msgs/msg/trpy_command.h
[8.637s] -- Installing: /home/damian/Fast-Planner/uav_simulator/Utils/install/quadrotor_msgs/include/quadrotor_msgs/quadrotor_msgs/msg/detail
[8.637s] -- Installing: /home/damian/Fast-Planner/uav_simulator/Utils/install/quadrotor_msgs/include/quadrotor_msgs/quadrotor_msgs/msg/detail/so3_command__struct.h
[8.637s] -- Installing: /home/damian/Fast-Planner/uav_simulator/Utils/install/quadrotor_msgs/include/quadrotor_msgs/quadrotor_msgs/msg/detail/corrections__functions.h
[8.637s] -- Installing: /home/damian/Fast-Planner/uav_simulator/Utils/install/quadrotor_msgs/include/quadrotor_msgs/quadrotor_msgs/msg/detail/aux_command__struct.h
[8.637s] -- Installing: /home/damian/Fast-Planner/uav_simulator/Utils/install/quadrotor_msgs/include/quadrotor_msgs/quadrotor_msgs/msg/detail/trpy_command__functions.h
[8.637s] -- Installing: /home/damian/Fast-Planner/uav_simulator/Utils/install/quadrotor_msgs/include/quadrotor_msgs/quadrotor_msgs/msg/detail/odometry__functions.h
[8.637s] -- Installing: /home/damian/Fast-Planner/uav_simulator/Utils/install/quadrotor_msgs/include/quadrotor_msgs/quadrotor_msgs/msg/detail/gains__functions.h
[8.637s] -- Installing: /home/damian/Fast-Planner/uav_simulator/Utils/install/quadrotor_msgs/include/quadrotor_msgs/quadrotor_msgs/msg/detail/polynomial_trajectory__type_support.h
[8.638s] -- Installing: /home/damian/Fast-Planner/uav_simulator/Utils/install/quadrotor_msgs/include/quadrotor_msgs/quadrotor_msgs/msg/detail/corrections__functions.c
[8.638s] -- Installing: /home/damian/Fast-Planner/uav_simulator/Utils/install/quadrotor_msgs/include/quadrotor_msgs/quadrotor_msgs/msg/detail/polynomial_trajectory__functions.h
[8.638s] -- Installing: /home/damian/Fast-Planner/uav_simulator/Utils/install/quadrotor_msgs/include/quadrotor_msgs/quadrotor_msgs/msg/detail/ppr_output_data__type_support.h
[8.638s] -- Installing: /home/damian/Fast-Planner/uav_simulator/Utils/install/quadrotor_msgs/include/quadrotor_msgs/quadrotor_msgs/msg/detail/gains__type_support.h
[8.638s] -- Installing: /home/damian/Fast-Planner/uav_simulator/Utils/install/quadrotor_msgs/include/quadrotor_msgs/quadrotor_msgs/msg/detail/serial__functions.h
[8.638s] -- Installing: /home/damian/Fast-Planner/uav_simulator/Utils/install/quadrotor_msgs/include/quadrotor_msgs/quadrotor_msgs/msg/detail/status_data__type_support.h
[8.638s] -- Installing: /home/damian/Fast-Planner/uav_simulator/Utils/install/quadrotor_msgs/include/quadrotor_msgs/quadrotor_msgs/msg/detail/serial__struct.h
[8.639s] -- Installing: /home/damian/Fast-Planner/uav_simulator/Utils/install/quadrotor_msgs/include/quadrotor_msgs/quadrotor_msgs/msg/detail/corrections__struct.h
[8.639s] -- Installing: /home/damian/Fast-Planner/uav_simulator/Utils/install/quadrotor_msgs/include/quadrotor_msgs/quadrotor_msgs/msg/detail/ppr_output_data__functions.c
[8.639s] -- Installing: /home/damian/Fast-Planner/uav_simulator/Utils/install/quadrotor_msgs/include/quadrotor_msgs/quadrotor_msgs/msg/detail/position_command__functions.h
[8.639s] -- Installing: /home/damian/Fast-Planner/uav_simulator/Utils/install/quadrotor_msgs/include/quadrotor_msgs/quadrotor_msgs/msg/detail/position_command__functions.c
[8.639s] -- Installing: /home/damian/Fast-Planner/uav_simulator/Utils/install/quadrotor_msgs/include/quadrotor_msgs/quadrotor_msgs/msg/detail/so3_command__functions.c
[8.639s] -- Installing: /home/damian/Fast-Planner/uav_simulator/Utils/install/quadrotor_msgs/include/quadrotor_msgs/quadrotor_msgs/msg/detail/ppr_output_data__functions.h
[8.639s] -- Installing: /home/damian/Fast-Planner/uav_simulator/Utils/install/quadrotor_msgs/include/quadrotor_msgs/quadrotor_msgs/msg/detail/gains__struct.h
[8.639s] -- Installing: /home/damian/Fast-Planner/uav_simulator/Utils/install/quadrotor_msgs/include/quadrotor_msgs/quadrotor_msgs/msg/detail/output_data__functions.c
[8.640s] -- Installing: /home/damian/Fast-Planner/uav_simulator/Utils/install/quadrotor_msgs/include/quadrotor_msgs/quadrotor_msgs/msg/detail/position_command__struct.h
[8.640s] -- Installing: /home/damian/Fast-Planner/uav_simulator/Utils/install/quadrotor_msgs/include/quadrotor_msgs/quadrotor_msgs/msg/detail/output_data__type_support.h
[8.640s] -- Installing: /home/damian/Fast-Planner/uav_simulator/Utils/install/quadrotor_msgs/include/quadrotor_msgs/quadrotor_msgs/msg/detail/aux_command__functions.h
[8.640s] -- Installing: /home/damian/Fast-Planner/uav_simulator/Utils/install/quadrotor_msgs/include/quadrotor_msgs/quadrotor_msgs/msg/detail/status_data__functions.h
[8.640s] -- Installing: /home/damian/Fast-Planner/uav_simulator/Utils/install/quadrotor_msgs/include/quadrotor_msgs/quadrotor_msgs/msg/detail/corrections__type_support.h
[8.640s] -- Installing: /home/damian/Fast-Planner/uav_simulator/Utils/install/quadrotor_msgs/include/quadrotor_msgs/quadrotor_msgs/msg/detail/so3_command__type_support.h
[8.640s] -- Installing: /home/damian/Fast-Planner/uav_simulator/Utils/install/quadrotor_msgs/include/quadrotor_msgs/quadrotor_msgs/msg/detail/trpy_command__struct.h
[8.640s] -- Installing: /home/damian/Fast-Planner/uav_simulator/Utils/install/quadrotor_msgs/include/quadrotor_msgs/quadrotor_msgs/msg/detail/polynomial_trajectory__struct.h
[8.640s] -- Installing: /home/damian/Fast-Planner/uav_simulator/Utils/install/quadrotor_msgs/include/quadrotor_msgs/quadrotor_msgs/msg/detail/trpy_command__functions.c
[8.640s] -- Installing: /home/damian/Fast-Planner/uav_simulator/Utils/install/quadrotor_msgs/include/quadrotor_msgs/quadrotor_msgs/msg/detail/gains__functions.c
[8.640s] -- Installing: /home/damian/Fast-Planner/uav_simulator/Utils/install/quadrotor_msgs/include/quadrotor_msgs/quadrotor_msgs/msg/detail/aux_command__functions.c
[8.641s] -- Installing: /home/damian/Fast-Planner/uav_simulator/Utils/install/quadrotor_msgs/include/quadrotor_msgs/quadrotor_msgs/msg/detail/status_data__functions.c
[8.641s] -- Installing: /home/damian/Fast-Planner/uav_simulator/Utils/install/quadrotor_msgs/include/quadrotor_msgs/quadrotor_msgs/msg/detail/serial__functions.c
[8.641s] -- Installing: /home/damian/Fast-Planner/uav_simulator/Utils/install/quadrotor_msgs/include/quadrotor_msgs/quadrotor_msgs/msg/detail/odometry__type_support.h
[8.641s] -- Installing: /home/damian/Fast-Planner/uav_simulator/Utils/install/quadrotor_msgs/include/quadrotor_msgs/quadrotor_msgs/msg/detail/odometry__struct.h
[8.641s] -- Installing: /home/damian/Fast-Planner/uav_simulator/Utils/install/quadrotor_msgs/include/quadrotor_msgs/quadrotor_msgs/msg/detail/lqr_trajectory__type_support.h
[8.641s] -- Installing: /home/damian/Fast-Planner/uav_simulator/Utils/install/quadrotor_msgs/include/quadrotor_msgs/quadrotor_msgs/msg/detail/lqr_trajectory__struct.h
[8.641s] -- Installing: /home/damian/Fast-Planner/uav_simulator/Utils/install/quadrotor_msgs/include/quadrotor_msgs/quadrotor_msgs/msg/detail/position_command__type_support.h
[8.641s] -- Installing: /home/damian/Fast-Planner/uav_simulator/Utils/install/quadrotor_msgs/include/quadrotor_msgs/quadrotor_msgs/msg/detail/serial__type_support.h
[8.641s] -- Installing: /home/damian/Fast-Planner/uav_simulator/Utils/install/quadrotor_msgs/include/quadrotor_msgs/quadrotor_msgs/msg/detail/output_data__functions.h
[8.641s] -- Installing: /home/damian/Fast-Planner/uav_simulator/Utils/install/quadrotor_msgs/include/quadrotor_msgs/quadrotor_msgs/msg/detail/status_data__struct.h
[8.642s] -- Installing: /home/damian/Fast-Planner/uav_simulator/Utils/install/quadrotor_msgs/include/quadrotor_msgs/quadrotor_msgs/msg/detail/ppr_output_data__struct.h
[8.642s] -- Installing: /home/damian/Fast-Planner/uav_simulator/Utils/install/quadrotor_msgs/include/quadrotor_msgs/quadrotor_msgs/msg/detail/odometry__functions.c
[8.642s] -- Installing: /home/damian/Fast-Planner/uav_simulator/Utils/install/quadrotor_msgs/include/quadrotor_msgs/quadrotor_msgs/msg/detail/polynomial_trajectory__functions.c
[8.642s] -- Installing: /home/damian/Fast-Planner/uav_simulator/Utils/install/quadrotor_msgs/include/quadrotor_msgs/quadrotor_msgs/msg/detail/trpy_command__type_support.h
[8.642s] -- Installing: /home/damian/Fast-Planner/uav_simulator/Utils/install/quadrotor_msgs/include/quadrotor_msgs/quadrotor_msgs/msg/detail/output_data__struct.h
[8.642s] -- Installing: /home/damian/Fast-Planner/uav_simulator/Utils/install/quadrotor_msgs/include/quadrotor_msgs/quadrotor_msgs/msg/detail/aux_command__type_support.h
[8.642s] -- Installing: /home/damian/Fast-Planner/uav_simulator/Utils/install/quadrotor_msgs/include/quadrotor_msgs/quadrotor_msgs/msg/detail/lqr_trajectory__functions.c
[8.642s] -- Installing: /home/damian/Fast-Planner/uav_simulator/Utils/install/quadrotor_msgs/include/quadrotor_msgs/quadrotor_msgs/msg/detail/so3_command__functions.h
[8.642s] -- Installing: /home/damian/Fast-Planner/uav_simulator/Utils/install/quadrotor_msgs/include/quadrotor_msgs/quadrotor_msgs/msg/detail/lqr_trajectory__functions.h
[8.642s] -- Installing: /home/damian/Fast-Planner/uav_simulator/Utils/install/quadrotor_msgs/include/quadrotor_msgs/quadrotor_msgs/msg/corrections.h
[8.642s] -- Installing: /home/damian/Fast-Planner/uav_simulator/Utils/install/quadrotor_msgs/include/quadrotor_msgs/quadrotor_msgs/msg/position_command.h
[8.643s] -- Installing: /home/damian/Fast-Planner/uav_simulator/Utils/install/quadrotor_msgs/include/quadrotor_msgs/quadrotor_msgs/msg/output_data.h
[8.643s] -- Installing: /home/damian/Fast-Planner/uav_simulator/Utils/install/quadrotor_msgs/include/quadrotor_msgs/quadrotor_msgs/msg/ppr_output_data.h
[8.643s] -- Installing: /home/damian/Fast-Planner/uav_simulator/Utils/install/quadrotor_msgs/include/quadrotor_msgs/quadrotor_msgs/msg/rosidl_generator_c__visibility_control.h
[8.643s] -- Installing: /home/damian/Fast-Planner/uav_simulator/Utils/install/quadrotor_msgs/include/quadrotor_msgs/quadrotor_msgs/msg/polynomial_trajectory.h
[8.643s] -- Installing: /home/damian/Fast-Planner/uav_simulator/Utils/install/quadrotor_msgs/include/quadrotor_msgs/quadrotor_msgs/msg/gains.h
[8.643s] -- Installing: /home/damian/Fast-Planner/uav_simulator/Utils/install/quadrotor_msgs/include/quadrotor_msgs/quadrotor_msgs/msg/aux_command.h
[8.643s] -- Installing: /home/damian/Fast-Planner/uav_simulator/Utils/install/quadrotor_msgs/include/quadrotor_msgs/quadrotor_msgs/msg/odometry.h
[8.643s] -- Installing: /home/damian/Fast-Planner/uav_simulator/Utils/install/quadrotor_msgs/include/quadrotor_msgs/quadrotor_msgs/msg/so3_command.h
[8.643s] -- Installing: /home/damian/Fast-Planner/uav_simulator/Utils/install/quadrotor_msgs/share/quadrotor_msgs/environment/library_path.sh
[8.643s] -- Installing: /home/damian/Fast-Planner/uav_simulator/Utils/install/quadrotor_msgs/share/quadrotor_msgs/environment/library_path.dsv
[8.643s] -- Installing: /home/damian/Fast-Planner/uav_simulator/Utils/install/quadrotor_msgs/lib/libquadrotor_msgs__rosidl_generator_c.so
[8.644s] -- Set runtime path of "/home/damian/Fast-Planner/uav_simulator/Utils/install/quadrotor_msgs/lib/libquadrotor_msgs__rosidl_generator_c.so" to ""
[8.644s] -- Up-to-date: /home/damian/Fast-Planner/uav_simulator/Utils/install/quadrotor_msgs/include/quadrotor_msgs/quadrotor_msgs
[8.644s] -- Up-to-date: /home/damian/Fast-Planner/uav_simulator/Utils/install/quadrotor_msgs/include/quadrotor_msgs/quadrotor_msgs/msg
[8.644s] -- Installing: /home/damian/Fast-Planner/uav_simulator/Utils/install/quadrotor_msgs/include/quadrotor_msgs/quadrotor_msgs/msg/rosidl_typesupport_fastrtps_c__visibility_control.h
[8.644s] -- Up-to-date: /home/damian/Fast-Planner/uav_simulator/Utils/install/quadrotor_msgs/include/quadrotor_msgs/quadrotor_msgs/msg/detail
[8.644s] -- Installing: /home/damian/Fast-Planner/uav_simulator/Utils/install/quadrotor_msgs/include/quadrotor_msgs/quadrotor_msgs/msg/detail/so3_command__rosidl_typesupport_fastrtps_c.h
[8.644s] -- Installing: /home/damian/Fast-Planner/uav_simulator/Utils/install/quadrotor_msgs/include/quadrotor_msgs/quadrotor_msgs/msg/detail/gains__rosidl_typesupport_fastrtps_c.h
[8.644s] -- Installing: /home/damian/Fast-Planner/uav_simulator/Utils/install/quadrotor_msgs/include/quadrotor_msgs/quadrotor_msgs/msg/detail/odometry__rosidl_typesupport_fastrtps_c.h
[8.644s] -- Installing: /home/damian/Fast-Planner/uav_simulator/Utils/install/quadrotor_msgs/include/quadrotor_msgs/quadrotor_msgs/msg/detail/status_data__rosidl_typesupport_fastrtps_c.h
[8.644s] -- Installing: /home/damian/Fast-Planner/uav_simulator/Utils/install/quadrotor_msgs/include/quadrotor_msgs/quadrotor_msgs/msg/detail/lqr_trajectory__rosidl_typesupport_fastrtps_c.h
[8.644s] -- Installing: /home/damian/Fast-Planner/uav_simulator/Utils/install/quadrotor_msgs/include/quadrotor_msgs/quadrotor_msgs/msg/detail/corrections__rosidl_typesupport_fastrtps_c.h
[8.644s] -- Installing: /home/damian/Fast-Planner/uav_simulator/Utils/install/quadrotor_msgs/include/quadrotor_msgs/quadrotor_msgs/msg/detail/output_data__rosidl_typesupport_fastrtps_c.h
[8.645s] -- Installing: /home/damian/Fast-Planner/uav_simulator/Utils/install/quadrotor_msgs/include/quadrotor_msgs/quadrotor_msgs/msg/detail/ppr_output_data__rosidl_typesupport_fastrtps_c.h
[8.645s] -- Installing: /home/damian/Fast-Planner/uav_simulator/Utils/install/quadrotor_msgs/include/quadrotor_msgs/quadrotor_msgs/msg/detail/position_command__rosidl_typesupport_fastrtps_c.h
[8.645s] -- Installing: /home/damian/Fast-Planner/uav_simulator/Utils/install/quadrotor_msgs/include/quadrotor_msgs/quadrotor_msgs/msg/detail/serial__rosidl_typesupport_fastrtps_c.h
[8.645s] -- Installing: /home/damian/Fast-Planner/uav_simulator/Utils/install/quadrotor_msgs/include/quadrotor_msgs/quadrotor_msgs/msg/detail/aux_command__rosidl_typesupport_fastrtps_c.h
[8.645s] -- Installing: /home/damian/Fast-Planner/uav_simulator/Utils/install/quadrotor_msgs/include/quadrotor_msgs/quadrotor_msgs/msg/detail/polynomial_trajectory__rosidl_typesupport_fastrtps_c.h
[8.645s] -- Installing: /home/damian/Fast-Planner/uav_simulator/Utils/install/quadrotor_msgs/include/quadrotor_msgs/quadrotor_msgs/msg/detail/trpy_command__rosidl_typesupport_fastrtps_c.h
[8.645s] -- Installing: /home/damian/Fast-Planner/uav_simulator/Utils/install/quadrotor_msgs/lib/libquadrotor_msgs__rosidl_typesupport_fastrtps_c.so
[8.646s] -- Set runtime path of "/home/damian/Fast-Planner/uav_simulator/Utils/install/quadrotor_msgs/lib/libquadrotor_msgs__rosidl_typesupport_fastrtps_c.so" to ""
[8.646s] -- Up-to-date: /home/damian/Fast-Planner/uav_simulator/Utils/install/quadrotor_msgs/include/quadrotor_msgs/quadrotor_msgs
[8.646s] -- Up-to-date: /home/damian/Fast-Planner/uav_simulator/Utils/install/quadrotor_msgs/include/quadrotor_msgs/quadrotor_msgs/msg
[8.646s] -- Installing: /home/damian/Fast-Planner/uav_simulator/Utils/install/quadrotor_msgs/include/quadrotor_msgs/quadrotor_msgs/msg/rosidl_typesupport_introspection_c__visibility_control.h
[8.646s] -- Up-to-date: /home/damian/Fast-Planner/uav_simulator/Utils/install/quadrotor_msgs/include/quadrotor_msgs/quadrotor_msgs/msg/detail
[8.646s] -- Installing: /home/damian/Fast-Planner/uav_simulator/Utils/install/quadrotor_msgs/include/quadrotor_msgs/quadrotor_msgs/msg/detail/odometry__rosidl_typesupport_introspection_c.h
[8.646s] -- Installing: /home/damian/Fast-Planner/uav_simulator/Utils/install/quadrotor_msgs/include/quadrotor_msgs/quadrotor_msgs/msg/detail/trpy_command__type_support.c
[8.646s] -- Installing: /home/damian/Fast-Planner/uav_simulator/Utils/install/quadrotor_msgs/include/quadrotor_msgs/quadrotor_msgs/msg/detail/polynomial_trajectory__rosidl_typesupport_introspection_c.h
[8.646s] -- Installing: /home/damian/Fast-Planner/uav_simulator/Utils/install/quadrotor_msgs/include/quadrotor_msgs/quadrotor_msgs/msg/detail/gains__type_support.c
[8.646s] -- Installing: /home/damian/Fast-Planner/uav_simulator/Utils/install/quadrotor_msgs/include/quadrotor_msgs/quadrotor_msgs/msg/detail/ppr_output_data__rosidl_typesupport_introspection_c.h
[8.646s] -- Installing: /home/damian/Fast-Planner/uav_simulator/Utils/install/quadrotor_msgs/include/quadrotor_msgs/quadrotor_msgs/msg/detail/polynomial_trajectory__type_support.c
[8.646s] -- Installing: /home/damian/Fast-Planner/uav_simulator/Utils/install/quadrotor_msgs/include/quadrotor_msgs/quadrotor_msgs/msg/detail/status_data__type_support.c
[8.647s] -- Installing: /home/damian/Fast-Planner/uav_simulator/Utils/install/quadrotor_msgs/include/quadrotor_msgs/quadrotor_msgs/msg/detail/gains__rosidl_typesupport_introspection_c.h
[8.647s] -- Installing: /home/damian/Fast-Planner/uav_simulator/Utils/install/quadrotor_msgs/include/quadrotor_msgs/quadrotor_msgs/msg/detail/ppr_output_data__type_support.c
[8.647s] -- Installing: /home/damian/Fast-Planner/uav_simulator/Utils/install/quadrotor_msgs/include/quadrotor_msgs/quadrotor_msgs/msg/detail/so3_command__rosidl_typesupport_introspection_c.h
[8.647s] -- Installing: /home/damian/Fast-Planner/uav_simulator/Utils/install/quadrotor_msgs/include/quadrotor_msgs/quadrotor_msgs/msg/detail/position_command__type_support.c
[8.647s] -- Installing: /home/damian/Fast-Planner/uav_simulator/Utils/install/quadrotor_msgs/include/quadrotor_msgs/quadrotor_msgs/msg/detail/lqr_trajectory__type_support.c
[8.647s] -- Installing: /home/damian/Fast-Planner/uav_simulator/Utils/install/quadrotor_msgs/include/quadrotor_msgs/quadrotor_msgs/msg/detail/serial__rosidl_typesupport_introspection_c.h
[8.647s] -- Installing: /home/damian/Fast-Planner/uav_simulator/Utils/install/quadrotor_msgs/include/quadrotor_msgs/quadrotor_msgs/msg/detail/lqr_trajectory__rosidl_typesupport_introspection_c.h
[8.647s] -- Installing: /home/damian/Fast-Planner/uav_simulator/Utils/install/quadrotor_msgs/include/quadrotor_msgs/quadrotor_msgs/msg/detail/output_data__rosidl_typesupport_introspection_c.h
[8.648s] -- Installing: /home/damian/Fast-Planner/uav_simulator/Utils/install/quadrotor_msgs/include/quadrotor_msgs/quadrotor_msgs/msg/detail/aux_command__type_support.c
[8.648s] -- Installing: /home/damian/Fast-Planner/uav_simulator/Utils/install/quadrotor_msgs/include/quadrotor_msgs/quadrotor_msgs/msg/detail/status_data__rosidl_typesupport_introspection_c.h
[8.648s] -- Installing: /home/damian/Fast-Planner/uav_simulator/Utils/install/quadrotor_msgs/include/quadrotor_msgs/quadrotor_msgs/msg/detail/corrections__rosidl_typesupport_introspection_c.h
[8.648s] -- Installing: /home/damian/Fast-Planner/uav_simulator/Utils/install/quadrotor_msgs/include/quadrotor_msgs/quadrotor_msgs/msg/detail/output_data__type_support.c
[8.648s] -- Installing: /home/damian/Fast-Planner/uav_simulator/Utils/install/quadrotor_msgs/include/quadrotor_msgs/quadrotor_msgs/msg/detail/odometry__type_support.c
[8.648s] -- Installing: /home/damian/Fast-Planner/uav_simulator/Utils/install/quadrotor_msgs/include/quadrotor_msgs/quadrotor_msgs/msg/detail/aux_command__rosidl_typesupport_introspection_c.h
[8.648s] -- Installing: /home/damian/Fast-Planner/uav_simulator/Utils/install/quadrotor_msgs/include/quadrotor_msgs/quadrotor_msgs/msg/detail/trpy_command__rosidl_typesupport_introspection_c.h
[8.648s] -- Installing: /home/damian/Fast-Planner/uav_simulator/Utils/install/quadrotor_msgs/include/quadrotor_msgs/quadrotor_msgs/msg/detail/serial__type_support.c
[8.648s] -- Installing: /home/damian/Fast-Planner/uav_simulator/Utils/install/quadrotor_msgs/include/quadrotor_msgs/quadrotor_msgs/msg/detail/position_command__rosidl_typesupport_introspection_c.h
[8.648s] -- Installing: /home/damian/Fast-Planner/uav_simulator/Utils/install/quadrotor_msgs/include/quadrotor_msgs/quadrotor_msgs/msg/detail/corrections__type_support.c
[8.649s] -- Installing: /home/damian/Fast-Planner/uav_simulator/Utils/install/quadrotor_msgs/include/quadrotor_msgs/quadrotor_msgs/msg/detail/so3_command__type_support.c
[8.649s] -- Installing: /home/damian/Fast-Planner/uav_simulator/Utils/install/quadrotor_msgs/lib/libquadrotor_msgs__rosidl_typesupport_introspection_c.so
[8.649s] -- Set runtime path of "/home/damian/Fast-Planner/uav_simulator/Utils/install/quadrotor_msgs/lib/libquadrotor_msgs__rosidl_typesupport_introspection_c.so" to ""
[8.649s] -- Installing: /home/damian/Fast-Planner/uav_simulator/Utils/install/quadrotor_msgs/lib/libquadrotor_msgs__rosidl_typesupport_c.so
[8.649s] -- Set runtime path of "/home/damian/Fast-Planner/uav_simulator/Utils/install/quadrotor_msgs/lib/libquadrotor_msgs__rosidl_typesupport_c.so" to ""
[8.650s] -- Up-to-date: /home/damian/Fast-Planner/uav_simulator/Utils/install/quadrotor_msgs/include/quadrotor_msgs/quadrotor_msgs
[8.650s] -- Up-to-date: /home/damian/Fast-Planner/uav_simulator/Utils/install/quadrotor_msgs/include/quadrotor_msgs/quadrotor_msgs/msg
[8.650s] -- Installing: /home/damian/Fast-Planner/uav_simulator/Utils/install/quadrotor_msgs/include/quadrotor_msgs/quadrotor_msgs/msg/trpy_command.hpp
[8.650s] -- Installing: /home/damian/Fast-Planner/uav_simulator/Utils/install/quadrotor_msgs/include/quadrotor_msgs/quadrotor_msgs/msg/rosidl_generator_cpp__visibility_control.hpp
[8.650s] -- Installing: /home/damian/Fast-Planner/uav_simulator/Utils/install/quadrotor_msgs/include/quadrotor_msgs/quadrotor_msgs/msg/output_data.hpp
[8.650s] -- Installing: /home/damian/Fast-Planner/uav_simulator/Utils/install/quadrotor_msgs/include/quadrotor_msgs/quadrotor_msgs/msg/so3_command.hpp
[8.650s] -- Installing: /home/damian/Fast-Planner/uav_simulator/Utils/install/quadrotor_msgs/include/quadrotor_msgs/quadrotor_msgs/msg/ppr_output_data.hpp
[8.650s] -- Up-to-date: /home/damian/Fast-Planner/uav_simulator/Utils/install/quadrotor_msgs/include/quadrotor_msgs/quadrotor_msgs/msg/detail
[8.650s] -- Installing: /home/damian/Fast-Planner/uav_simulator/Utils/install/quadrotor_msgs/include/quadrotor_msgs/quadrotor_msgs/msg/detail/so3_command__traits.hpp
[8.650s] -- Installing: /home/damian/Fast-Planner/uav_simulator/Utils/install/quadrotor_msgs/include/quadrotor_msgs/quadrotor_msgs/msg/detail/position_command__type_support.hpp
[8.650s] -- Installing: /home/damian/Fast-Planner/uav_simulator/Utils/install/quadrotor_msgs/include/quadrotor_msgs/quadrotor_msgs/msg/detail/lqr_trajectory__traits.hpp
[8.650s] -- Installing: /home/damian/Fast-Planner/uav_simulator/Utils/install/quadrotor_msgs/include/quadrotor_msgs/quadrotor_msgs/msg/detail/status_data__traits.hpp
[8.650s] -- Installing: /home/damian/Fast-Planner/uav_simulator/Utils/install/quadrotor_msgs/include/quadrotor_msgs/quadrotor_msgs/msg/detail/so3_command__struct.hpp
[8.651s] -- Installing: /home/damian/Fast-Planner/uav_simulator/Utils/install/quadrotor_msgs/include/quadrotor_msgs/quadrotor_msgs/msg/detail/serial__builder.hpp
[8.651s] -- Installing: /home/damian/Fast-Planner/uav_simulator/Utils/install/quadrotor_msgs/include/quadrotor_msgs/quadrotor_msgs/msg/detail/corrections__struct.hpp
[8.651s] -- Installing: /home/damian/Fast-Planner/uav_simulator/Utils/install/quadrotor_msgs/include/quadrotor_msgs/quadrotor_msgs/msg/detail/gains__struct.hpp
[8.651s] -- Installing: /home/damian/Fast-Planner/uav_simulator/Utils/install/quadrotor_msgs/include/quadrotor_msgs/quadrotor_msgs/msg/detail/position_command__builder.hpp
[8.651s] -- Installing: /home/damian/Fast-Planner/uav_simulator/Utils/install/quadrotor_msgs/include/quadrotor_msgs/quadrotor_msgs/msg/detail/ppr_output_data__builder.hpp
[8.651s] -- Installing: /home/damian/Fast-Planner/uav_simulator/Utils/install/quadrotor_msgs/include/quadrotor_msgs/quadrotor_msgs/msg/detail/corrections__type_support.hpp
[8.651s] -- Installing: /home/damian/Fast-Planner/uav_simulator/Utils/install/quadrotor_msgs/include/quadrotor_msgs/quadrotor_msgs/msg/detail/position_command__traits.hpp
[8.651s] -- Installing: /home/damian/Fast-Planner/uav_simulator/Utils/install/quadrotor_msgs/include/quadrotor_msgs/quadrotor_msgs/msg/detail/output_data__traits.hpp
[8.651s] -- Installing: /home/damian/Fast-Planner/uav_simulator/Utils/install/quadrotor_msgs/include/quadrotor_msgs/quadrotor_msgs/msg/detail/polynomial_trajectory__builder.hpp
[8.651s] -- Installing: /home/damian/Fast-Planner/uav_simulator/Utils/install/quadrotor_msgs/include/quadrotor_msgs/quadrotor_msgs/msg/detail/status_data__type_support.hpp
[8.652s] -- Installing: /home/damian/Fast-Planner/uav_simulator/Utils/install/quadrotor_msgs/include/quadrotor_msgs/quadrotor_msgs/msg/detail/polynomial_trajectory__type_support.hpp
[8.652s] -- Installing: /home/damian/Fast-Planner/uav_simulator/Utils/install/quadrotor_msgs/include/quadrotor_msgs/quadrotor_msgs/msg/detail/output_data__struct.hpp
[8.652s] -- Installing: /home/damian/Fast-Planner/uav_simulator/Utils/install/quadrotor_msgs/include/quadrotor_msgs/quadrotor_msgs/msg/detail/gains__traits.hpp
[8.652s] -- Installing: /home/damian/Fast-Planner/uav_simulator/Utils/install/quadrotor_msgs/include/quadrotor_msgs/quadrotor_msgs/msg/detail/lqr_trajectory__struct.hpp
[8.652s] -- Installing: /home/damian/Fast-Planner/uav_simulator/Utils/install/quadrotor_msgs/include/quadrotor_msgs/quadrotor_msgs/msg/detail/so3_command__type_support.hpp
[8.652s] -- Installing: /home/damian/Fast-Planner/uav_simulator/Utils/install/quadrotor_msgs/include/quadrotor_msgs/quadrotor_msgs/msg/detail/status_data__struct.hpp
[8.652s] -- Installing: /home/damian/Fast-Planner/uav_simulator/Utils/install/quadrotor_msgs/include/quadrotor_msgs/quadrotor_msgs/msg/detail/position_command__struct.hpp
[8.652s] -- Installing: /home/damian/Fast-Planner/uav_simulator/Utils/install/quadrotor_msgs/include/quadrotor_msgs/quadrotor_msgs/msg/detail/aux_command__type_support.hpp
[8.652s] -- Installing: /home/damian/Fast-Planner/uav_simulator/Utils/install/quadrotor_msgs/include/quadrotor_msgs/quadrotor_msgs/msg/detail/output_data__builder.hpp
[8.652s] -- Installing: /home/damian/Fast-Planner/uav_simulator/Utils/install/quadrotor_msgs/include/quadrotor_msgs/quadrotor_msgs/msg/detail/gains__type_support.hpp
[8.653s] -- Installing: /home/damian/Fast-Planner/uav_simulator/Utils/install/quadrotor_msgs/include/quadrotor_msgs/quadrotor_msgs/msg/detail/output_data__type_support.hpp
[8.653s] -- Installing: /home/damian/Fast-Planner/uav_simulator/Utils/install/quadrotor_msgs/include/quadrotor_msgs/quadrotor_msgs/msg/detail/odometry__traits.hpp
[8.653s] -- Installing: /home/damian/Fast-Planner/uav_simulator/Utils/install/quadrotor_msgs/include/quadrotor_msgs/quadrotor_msgs/msg/detail/aux_command__traits.hpp
[8.653s] -- Installing: /home/damian/Fast-Planner/uav_simulator/Utils/install/quadrotor_msgs/include/quadrotor_msgs/quadrotor_msgs/msg/detail/odometry__struct.hpp
[8.653s] -- Installing: /home/damian/Fast-Planner/uav_simulator/Utils/install/quadrotor_msgs/include/quadrotor_msgs/quadrotor_msgs/msg/detail/trpy_command__type_support.hpp
[8.653s] -- Installing: /home/damian/Fast-Planner/uav_simulator/Utils/install/quadrotor_msgs/include/quadrotor_msgs/quadrotor_msgs/msg/detail/status_data__builder.hpp
[8.653s] -- Installing: /home/damian/Fast-Planner/uav_simulator/Utils/install/quadrotor_msgs/include/quadrotor_msgs/quadrotor_msgs/msg/detail/serial__traits.hpp
[8.653s] -- Installing: /home/damian/Fast-Planner/uav_simulator/Utils/install/quadrotor_msgs/include/quadrotor_msgs/quadrotor_msgs/msg/detail/serial__struct.hpp
[8.653s] -- Installing: /home/damian/Fast-Planner/uav_simulator/Utils/install/quadrotor_msgs/include/quadrotor_msgs/quadrotor_msgs/msg/detail/gains__builder.hpp
[8.654s] -- Installing: /home/damian/Fast-Planner/uav_simulator/Utils/install/quadrotor_msgs/include/quadrotor_msgs/quadrotor_msgs/msg/detail/corrections__traits.hpp
[8.654s] -- Installing: /home/damian/Fast-Planner/uav_simulator/Utils/install/quadrotor_msgs/include/quadrotor_msgs/quadrotor_msgs/msg/detail/trpy_command__builder.hpp
[8.654s] -- Installing: /home/damian/Fast-Planner/uav_simulator/Utils/install/quadrotor_msgs/include/quadrotor_msgs/quadrotor_msgs/msg/detail/ppr_output_data__struct.hpp
[8.654s] -- Installing: /home/damian/Fast-Planner/uav_simulator/Utils/install/quadrotor_msgs/include/quadrotor_msgs/quadrotor_msgs/msg/detail/polynomial_trajectory__traits.hpp
[8.654s] -- Installing: /home/damian/Fast-Planner/uav_simulator/Utils/install/quadrotor_msgs/include/quadrotor_msgs/quadrotor_msgs/msg/detail/corrections__builder.hpp
[8.654s] -- Installing: /home/damian/Fast-Planner/uav_simulator/Utils/install/quadrotor_msgs/include/quadrotor_msgs/quadrotor_msgs/msg/detail/aux_command__struct.hpp
[8.654s] -- Installing: /home/damian/Fast-Planner/uav_simulator/Utils/install/quadrotor_msgs/include/quadrotor_msgs/quadrotor_msgs/msg/detail/lqr_trajectory__type_support.hpp
[8.654s] -- Installing: /home/damian/Fast-Planner/uav_simulator/Utils/install/quadrotor_msgs/include/quadrotor_msgs/quadrotor_msgs/msg/detail/polynomial_trajectory__struct.hpp
[8.654s] -- Installing: /home/damian/Fast-Planner/uav_simulator/Utils/install/quadrotor_msgs/include/quadrotor_msgs/quadrotor_msgs/msg/detail/odometry__type_support.hpp
[8.654s] -- Installing: /home/damian/Fast-Planner/uav_simulator/Utils/install/quadrotor_msgs/include/quadrotor_msgs/quadrotor_msgs/msg/detail/ppr_output_data__type_support.hpp
[8.655s] -- Installing: /home/damian/Fast-Planner/uav_simulator/Utils/install/quadrotor_msgs/include/quadrotor_msgs/quadrotor_msgs/msg/detail/lqr_trajectory__builder.hpp
[8.655s] -- Installing: /home/damian/Fast-Planner/uav_simulator/Utils/install/quadrotor_msgs/include/quadrotor_msgs/quadrotor_msgs/msg/detail/aux_command__builder.hpp
[8.655s] -- Installing: /home/damian/Fast-Planner/uav_simulator/Utils/install/quadrotor_msgs/include/quadrotor_msgs/quadrotor_msgs/msg/detail/so3_command__builder.hpp
[8.655s] -- Installing: /home/damian/Fast-Planner/uav_simulator/Utils/install/quadrotor_msgs/include/quadrotor_msgs/quadrotor_msgs/msg/detail/serial__type_support.hpp
[8.655s] -- Installing: /home/damian/Fast-Planner/uav_simulator/Utils/install/quadrotor_msgs/include/quadrotor_msgs/quadrotor_msgs/msg/detail/trpy_command__struct.hpp
[8.655s] -- Installing: /home/damian/Fast-Planner/uav_simulator/Utils/install/quadrotor_msgs/include/quadrotor_msgs/quadrotor_msgs/msg/detail/odometry__builder.hpp
[8.655s] -- Installing: /home/damian/Fast-Planner/uav_simulator/Utils/install/quadrotor_msgs/include/quadrotor_msgs/quadrotor_msgs/msg/detail/trpy_command__traits.hpp
[8.655s] -- Installing: /home/damian/Fast-Planner/uav_simulator/Utils/install/quadrotor_msgs/include/quadrotor_msgs/quadrotor_msgs/msg/detail/ppr_output_data__traits.hpp
[8.655s] -- Installing: /home/damian/Fast-Planner/uav_simulator/Utils/install/quadrotor_msgs/include/quadrotor_msgs/quadrotor_msgs/msg/corrections.hpp
[8.655s] -- Installing: /home/damian/Fast-Planner/uav_simulator/Utils/install/quadrotor_msgs/include/quadrotor_msgs/quadrotor_msgs/msg/serial.hpp
[8.656s] -- Installing: /home/damian/Fast-Planner/uav_simulator/Utils/install/quadrotor_msgs/include/quadrotor_msgs/quadrotor_msgs/msg/odometry.hpp
[8.656s] -- Installing: /home/damian/Fast-Planner/uav_simulator/Utils/install/quadrotor_msgs/include/quadrotor_msgs/quadrotor_msgs/msg/polynomial_trajectory.hpp
[8.656s] -- Installing: /home/damian/Fast-Planner/uav_simulator/Utils/install/quadrotor_msgs/include/quadrotor_msgs/quadrotor_msgs/msg/gains.hpp
[8.656s] -- Installing: /home/damian/Fast-Planner/uav_simulator/Utils/install/quadrotor_msgs/include/quadrotor_msgs/quadrotor_msgs/msg/lqr_trajectory.hpp
[8.656s] -- Installing: /home/damian/Fast-Planner/uav_simulator/Utils/install/quadrotor_msgs/include/quadrotor_msgs/quadrotor_msgs/msg/status_data.hpp
[8.656s] -- Installing: /home/damian/Fast-Planner/uav_simulator/Utils/install/quadrotor_msgs/include/quadrotor_msgs/quadrotor_msgs/msg/aux_command.hpp
[8.656s] -- Installing: /home/damian/Fast-Planner/uav_simulator/Utils/install/quadrotor_msgs/include/quadrotor_msgs/quadrotor_msgs/msg/position_command.hpp
[8.656s] -- Up-to-date: /home/damian/Fast-Planner/uav_simulator/Utils/install/quadrotor_msgs/include/quadrotor_msgs/quadrotor_msgs
[8.656s] -- Up-to-date: /home/damian/Fast-Planner/uav_simulator/Utils/install/quadrotor_msgs/include/quadrotor_msgs/quadrotor_msgs/msg
[8.656s] -- Up-to-date: /home/damian/Fast-Planner/uav_simulator/Utils/install/quadrotor_msgs/include/quadrotor_msgs/quadrotor_msgs/msg/detail
[8.657s] -- Installing: /home/damian/Fast-Planner/uav_simulator/Utils/install/quadrotor_msgs/include/quadrotor_msgs/quadrotor_msgs/msg/detail/ppr_output_data__rosidl_typesupport_fastrtps_cpp.hpp
[8.657s] -- Installing: /home/damian/Fast-Planner/uav_simulator/Utils/install/quadrotor_msgs/include/quadrotor_msgs/quadrotor_msgs/msg/detail/lqr_trajectory__rosidl_typesupport_fastrtps_cpp.hpp
[8.657s] -- Installing: /home/damian/Fast-Planner/uav_simulator/Utils/install/quadrotor_msgs/include/quadrotor_msgs/quadrotor_msgs/msg/detail/output_data__rosidl_typesupport_fastrtps_cpp.hpp
[8.657s] -- Installing: /home/damian/Fast-Planner/uav_simulator/Utils/install/quadrotor_msgs/include/quadrotor_msgs/quadrotor_msgs/msg/detail/serial__rosidl_typesupport_fastrtps_cpp.hpp
[8.657s] -- Installing: /home/damian/Fast-Planner/uav_simulator/Utils/install/quadrotor_msgs/include/quadrotor_msgs/quadrotor_msgs/msg/detail/dds_fastrtps
[8.657s] -- Installing: /home/damian/Fast-Planner/uav_simulator/Utils/install/quadrotor_msgs/include/quadrotor_msgs/quadrotor_msgs/msg/detail/position_command__rosidl_typesupport_fastrtps_cpp.hpp
[8.657s] -- Installing: /home/damian/Fast-Planner/uav_simulator/Utils/install/quadrotor_msgs/include/quadrotor_msgs/quadrotor_msgs/msg/detail/polynomial_trajectory__rosidl_typesupport_fastrtps_cpp.hpp
[8.657s] -- Installing: /home/damian/Fast-Planner/uav_simulator/Utils/install/quadrotor_msgs/include/quadrotor_msgs/quadrotor_msgs/msg/detail/aux_command__rosidl_typesupport_fastrtps_cpp.hpp
[8.657s] -- Installing: /home/damian/Fast-Planner/uav_simulator/Utils/install/quadrotor_msgs/include/quadrotor_msgs/quadrotor_msgs/msg/detail/so3_command__rosidl_typesupport_fastrtps_cpp.hpp
[8.657s] -- Installing: /home/damian/Fast-Planner/uav_simulator/Utils/install/quadrotor_msgs/include/quadrotor_msgs/quadrotor_msgs/msg/detail/status_data__rosidl_typesupport_fastrtps_cpp.hpp
[8.657s] -- Installing: /home/damian/Fast-Planner/uav_simulator/Utils/install/quadrotor_msgs/include/quadrotor_msgs/quadrotor_msgs/msg/detail/odometry__rosidl_typesupport_fastrtps_cpp.hpp
[8.658s] -- Installing: /home/damian/Fast-Planner/uav_simulator/Utils/install/quadrotor_msgs/include/quadrotor_msgs/quadrotor_msgs/msg/detail/gains__rosidl_typesupport_fastrtps_cpp.hpp
[8.658s] -- Installing: /home/damian/Fast-Planner/uav_simulator/Utils/install/quadrotor_msgs/include/quadrotor_msgs/quadrotor_msgs/msg/detail/trpy_command__rosidl_typesupport_fastrtps_cpp.hpp
[8.658s] -- Installing: /home/damian/Fast-Planner/uav_simulator/Utils/install/quadrotor_msgs/include/quadrotor_msgs/quadrotor_msgs/msg/detail/corrections__rosidl_typesupport_fastrtps_cpp.hpp
[8.658s] -- Installing: /home/damian/Fast-Planner/uav_simulator/Utils/install/quadrotor_msgs/include/quadrotor_msgs/quadrotor_msgs/msg/rosidl_typesupport_fastrtps_cpp__visibility_control.h
[8.658s] -- Installing: /home/damian/Fast-Planner/uav_simulator/Utils/install/quadrotor_msgs/lib/libquadrotor_msgs__rosidl_typesupport_fastrtps_cpp.so
[8.658s] -- Set runtime path of "/home/damian/Fast-Planner/uav_simulator/Utils/install/quadrotor_msgs/lib/libquadrotor_msgs__rosidl_typesupport_fastrtps_cpp.so" to ""
[8.659s] -- Up-to-date: /home/damian/Fast-Planner/uav_simulator/Utils/install/quadrotor_msgs/include/quadrotor_msgs/quadrotor_msgs
[8.659s] -- Up-to-date: /home/damian/Fast-Planner/uav_simulator/Utils/install/quadrotor_msgs/include/quadrotor_msgs/quadrotor_msgs/msg
[8.659s] -- Up-to-date: /home/damian/Fast-Planner/uav_simulator/Utils/install/quadrotor_msgs/include/quadrotor_msgs/quadrotor_msgs/msg/detail
[8.659s] -- Installing: /home/damian/Fast-Planner/uav_simulator/Utils/install/quadrotor_msgs/include/quadrotor_msgs/quadrotor_msgs/msg/detail/polynomial_trajectory__type_support.cpp
[8.659s] -- Installing: /home/damian/Fast-Planner/uav_simulator/Utils/install/quadrotor_msgs/include/quadrotor_msgs/quadrotor_msgs/msg/detail/aux_command__rosidl_typesupport_introspection_cpp.hpp
[8.659s] -- Installing: /home/damian/Fast-Planner/uav_simulator/Utils/install/quadrotor_msgs/include/quadrotor_msgs/quadrotor_msgs/msg/detail/output_data__rosidl_typesupport_introspection_cpp.hpp
[8.659s] -- Installing: /home/damian/Fast-Planner/uav_simulator/Utils/install/quadrotor_msgs/include/quadrotor_msgs/quadrotor_msgs/msg/detail/ppr_output_data__rosidl_typesupport_introspection_cpp.hpp
[8.659s] -- Installing: /home/damian/Fast-Planner/uav_simulator/Utils/install/quadrotor_msgs/include/quadrotor_msgs/quadrotor_msgs/msg/detail/status_data__type_support.cpp
[8.659s] -- Installing: /home/damian/Fast-Planner/uav_simulator/Utils/install/quadrotor_msgs/include/quadrotor_msgs/quadrotor_msgs/msg/detail/gains__type_support.cpp
[8.659s] -- Installing: /home/damian/Fast-Planner/uav_simulator/Utils/install/quadrotor_msgs/include/quadrotor_msgs/quadrotor_msgs/msg/detail/trpy_command__rosidl_typesupport_introspection_cpp.hpp
[8.659s] -- Installing: /home/damian/Fast-Planner/uav_simulator/Utils/install/quadrotor_msgs/include/quadrotor_msgs/quadrotor_msgs/msg/detail/position_command__type_support.cpp
[8.659s] -- Installing: /home/damian/Fast-Planner/uav_simulator/Utils/install/quadrotor_msgs/include/quadrotor_msgs/quadrotor_msgs/msg/detail/serial__rosidl_typesupport_introspection_cpp.hpp
[8.660s] -- Installing: /home/damian/Fast-Planner/uav_simulator/Utils/install/quadrotor_msgs/include/quadrotor_msgs/quadrotor_msgs/msg/detail/aux_command__type_support.cpp
[8.660s] -- Installing: /home/damian/Fast-Planner/uav_simulator/Utils/install/quadrotor_msgs/include/quadrotor_msgs/quadrotor_msgs/msg/detail/polynomial_trajectory__rosidl_typesupport_introspection_cpp.hpp
[8.660s] -- Installing: /home/damian/Fast-Planner/uav_simulator/Utils/install/quadrotor_msgs/include/quadrotor_msgs/quadrotor_msgs/msg/detail/output_data__type_support.cpp
[8.660s] -- Installing: /home/damian/Fast-Planner/uav_simulator/Utils/install/quadrotor_msgs/include/quadrotor_msgs/quadrotor_msgs/msg/detail/so3_command__rosidl_typesupport_introspection_cpp.hpp
[8.660s] -- Installing: /home/damian/Fast-Planner/uav_simulator/Utils/install/quadrotor_msgs/include/quadrotor_msgs/quadrotor_msgs/msg/detail/odometry__type_support.cpp
[8.660s] -- Installing: /home/damian/Fast-Planner/uav_simulator/Utils/install/quadrotor_msgs/include/quadrotor_msgs/quadrotor_msgs/msg/detail/serial__type_support.cpp
[8.660s] -- Installing: /home/damian/Fast-Planner/uav_simulator/Utils/install/quadrotor_msgs/include/quadrotor_msgs/quadrotor_msgs/msg/detail/gains__rosidl_typesupport_introspection_cpp.hpp
[8.660s] -- Installing: /home/damian/Fast-Planner/uav_simulator/Utils/install/quadrotor_msgs/include/quadrotor_msgs/quadrotor_msgs/msg/detail/ppr_output_data__type_support.cpp
[8.660s] -- Installing: /home/damian/Fast-Planner/uav_simulator/Utils/install/quadrotor_msgs/include/quadrotor_msgs/quadrotor_msgs/msg/detail/corrections__type_support.cpp
[8.660s] -- Installing: /home/damian/Fast-Planner/uav_simulator/Utils/install/quadrotor_msgs/include/quadrotor_msgs/quadrotor_msgs/msg/detail/odometry__rosidl_typesupport_introspection_cpp.hpp
[8.661s] -- Installing: /home/damian/Fast-Planner/uav_simulator/Utils/install/quadrotor_msgs/include/quadrotor_msgs/quadrotor_msgs/msg/detail/lqr_trajectory__rosidl_typesupport_introspection_cpp.hpp
[8.661s] -- Installing: /home/damian/Fast-Planner/uav_simulator/Utils/install/quadrotor_msgs/include/quadrotor_msgs/quadrotor_msgs/msg/detail/position_command__rosidl_typesupport_introspection_cpp.hpp
[8.661s] -- Installing: /home/damian/Fast-Planner/uav_simulator/Utils/install/quadrotor_msgs/include/quadrotor_msgs/quadrotor_msgs/msg/detail/status_data__rosidl_typesupport_introspection_cpp.hpp
[8.661s] -- Installing: /home/damian/Fast-Planner/uav_simulator/Utils/install/quadrotor_msgs/include/quadrotor_msgs/quadrotor_msgs/msg/detail/trpy_command__type_support.cpp
[8.661s] -- Installing: /home/damian/Fast-Planner/uav_simulator/Utils/install/quadrotor_msgs/include/quadrotor_msgs/quadrotor_msgs/msg/detail/so3_command__type_support.cpp
[8.661s] -- Installing: /home/damian/Fast-Planner/uav_simulator/Utils/install/quadrotor_msgs/include/quadrotor_msgs/quadrotor_msgs/msg/detail/corrections__rosidl_typesupport_introspection_cpp.hpp
[8.661s] -- Installing: /home/damian/Fast-Planner/uav_simulator/Utils/install/quadrotor_msgs/include/quadrotor_msgs/quadrotor_msgs/msg/detail/lqr_trajectory__type_support.cpp
[8.661s] -- Installing: /home/damian/Fast-Planner/uav_simulator/Utils/install/quadrotor_msgs/lib/libquadrotor_msgs__rosidl_typesupport_introspection_cpp.so
[8.662s] -- Set runtime path of "/home/damian/Fast-Planner/uav_simulator/Utils/install/quadrotor_msgs/lib/libquadrotor_msgs__rosidl_typesupport_introspection_cpp.so" to ""
[8.662s] -- Installing: /home/damian/Fast-Planner/uav_simulator/Utils/install/quadrotor_msgs/lib/libquadrotor_msgs__rosidl_typesupport_cpp.so
[8.662s] -- Set runtime path of "/home/damian/Fast-Planner/uav_simulator/Utils/install/quadrotor_msgs/lib/libquadrotor_msgs__rosidl_typesupport_cpp.so" to ""
[8.662s] -- Installing: /home/damian/Fast-Planner/uav_simulator/Utils/install/quadrotor_msgs/share/quadrotor_msgs/environment/pythonpath.sh
[8.663s] -- Installing: /home/damian/Fast-Planner/uav_simulator/Utils/install/quadrotor_msgs/share/quadrotor_msgs/environment/pythonpath.dsv
[8.663s] -- Installing: /home/damian/Fast-Planner/uav_simulator/Utils/install/quadrotor_msgs/local/lib/python3.10/dist-packages/quadrotor_msgs-0.0.0-py3.10.egg-info
[8.663s] -- Installing: /home/damian/Fast-Planner/uav_simulator/Utils/install/quadrotor_msgs/local/lib/python3.10/dist-packages/quadrotor_msgs-0.0.0-py3.10.egg-info/top_level.txt
[8.663s] -- Installing: /home/damian/Fast-Planner/uav_simulator/Utils/install/quadrotor_msgs/local/lib/python3.10/dist-packages/quadrotor_msgs-0.0.0-py3.10.egg-info/SOURCES.txt
[8.663s] -- Installing: /home/damian/Fast-Planner/uav_simulator/Utils/install/quadrotor_msgs/local/lib/python3.10/dist-packages/quadrotor_msgs-0.0.0-py3.10.egg-info/dependency_links.txt
[8.663s] -- Installing: /home/damian/Fast-Planner/uav_simulator/Utils/install/quadrotor_msgs/local/lib/python3.10/dist-packages/quadrotor_msgs-0.0.0-py3.10.egg-info/PKG-INFO
[8.663s] -- Installing: /home/damian/Fast-Planner/uav_simulator/Utils/install/quadrotor_msgs/local/lib/python3.10/dist-packages/quadrotor_msgs
[8.663s] -- Installing: /home/damian/Fast-Planner/uav_simulator/Utils/install/quadrotor_msgs/local/lib/python3.10/dist-packages/quadrotor_msgs/msg
[8.663s] -- Installing: /home/damian/Fast-Planner/uav_simulator/Utils/install/quadrotor_msgs/local/lib/python3.10/dist-packages/quadrotor_msgs/msg/_gains.py
[8.663s] -- Installing: /home/damian/Fast-Planner/uav_simulator/Utils/install/quadrotor_msgs/local/lib/python3.10/dist-packages/quadrotor_msgs/msg/_serial.py
[8.663s] -- Installing: /home/damian/Fast-Planner/uav_simulator/Utils/install/quadrotor_msgs/local/lib/python3.10/dist-packages/quadrotor_msgs/msg/_polynomial_trajectory_s.c
[8.663s] -- Installing: /home/damian/Fast-Planner/uav_simulator/Utils/install/quadrotor_msgs/local/lib/python3.10/dist-packages/quadrotor_msgs/msg/_ppr_output_data_s.c
[8.664s] -- Installing: /home/damian/Fast-Planner/uav_simulator/Utils/install/quadrotor_msgs/local/lib/python3.10/dist-packages/quadrotor_msgs/msg/_output_data_s.c
[8.664s] -- Installing: /home/damian/Fast-Planner/uav_simulator/Utils/install/quadrotor_msgs/local/lib/python3.10/dist-packages/quadrotor_msgs/msg/_odometry.py
[8.664s] -- Installing: /home/damian/Fast-Planner/uav_simulator/Utils/install/quadrotor_msgs/local/lib/python3.10/dist-packages/quadrotor_msgs/msg/_polynomial_trajectory.py
[8.664s] -- Installing: /home/damian/Fast-Planner/uav_simulator/Utils/install/quadrotor_msgs/local/lib/python3.10/dist-packages/quadrotor_msgs/msg/_position_command_s.c
[8.664s] -- Installing: /home/damian/Fast-Planner/uav_simulator/Utils/install/quadrotor_msgs/local/lib/python3.10/dist-packages/quadrotor_msgs/msg/_lqr_trajectory.py
[8.664s] -- Installing: /home/damian/Fast-Planner/uav_simulator/Utils/install/quadrotor_msgs/local/lib/python3.10/dist-packages/quadrotor_msgs/msg/_output_data.py
[8.664s] -- Installing: /home/damian/Fast-Planner/uav_simulator/Utils/install/quadrotor_msgs/local/lib/python3.10/dist-packages/quadrotor_msgs/msg/_status_data_s.c
[8.664s] -- Installing: /home/damian/Fast-Planner/uav_simulator/Utils/install/quadrotor_msgs/local/lib/python3.10/dist-packages/quadrotor_msgs/msg/_gains_s.c
[8.664s] -- Installing: /home/damian/Fast-Planner/uav_simulator/Utils/install/quadrotor_msgs/local/lib/python3.10/dist-packages/quadrotor_msgs/msg/_so3_command.py
[8.664s] -- Installing: /home/damian/Fast-Planner/uav_simulator/Utils/install/quadrotor_msgs/local/lib/python3.10/dist-packages/quadrotor_msgs/msg/_ppr_output_data.py
[8.665s] -- Installing: /home/damian/Fast-Planner/uav_simulator/Utils/install/quadrotor_msgs/local/lib/python3.10/dist-packages/quadrotor_msgs/msg/_trpy_command_s.c
[8.665s] -- Installing: /home/damian/Fast-Planner/uav_simulator/Utils/install/quadrotor_msgs/local/lib/python3.10/dist-packages/quadrotor_msgs/msg/_corrections_s.c
[8.665s] -- Installing: /home/damian/Fast-Planner/uav_simulator/Utils/install/quadrotor_msgs/local/lib/python3.10/dist-packages/quadrotor_msgs/msg/_so3_command_s.c
[8.665s] -- Installing: /home/damian/Fast-Planner/uav_simulator/Utils/install/quadrotor_msgs/local/lib/python3.10/dist-packages/quadrotor_msgs/msg/_serial_s.c
[8.665s] -- Installing: /home/damian/Fast-Planner/uav_simulator/Utils/install/quadrotor_msgs/local/lib/python3.10/dist-packages/quadrotor_msgs/msg/_odometry_s.c
[8.665s] -- Installing: /home/damian/Fast-Planner/uav_simulator/Utils/install/quadrotor_msgs/local/lib/python3.10/dist-packages/quadrotor_msgs/msg/_position_command.py
[8.665s] -- Installing: /home/damian/Fast-Planner/uav_simulator/Utils/install/quadrotor_msgs/local/lib/python3.10/dist-packages/quadrotor_msgs/msg/_lqr_trajectory_s.c
[8.665s] -- Installing: /home/damian/Fast-Planner/uav_simulator/Utils/install/quadrotor_msgs/local/lib/python3.10/dist-packages/quadrotor_msgs/msg/_status_data.py
[8.665s] -- Installing: /home/damian/Fast-Planner/uav_simulator/Utils/install/quadrotor_msgs/local/lib/python3.10/dist-packages/quadrotor_msgs/msg/_aux_command_s.c
[8.665s] -- Installing: /home/damian/Fast-Planner/uav_simulator/Utils/install/quadrotor_msgs/local/lib/python3.10/dist-packages/quadrotor_msgs/msg/_trpy_command.py
[8.666s] -- Installing: /home/damian/Fast-Planner/uav_simulator/Utils/install/quadrotor_msgs/local/lib/python3.10/dist-packages/quadrotor_msgs/msg/_corrections.py
[8.666s] -- Installing: /home/damian/Fast-Planner/uav_simulator/Utils/install/quadrotor_msgs/local/lib/python3.10/dist-packages/quadrotor_msgs/msg/__init__.py
[8.666s] -- Installing: /home/damian/Fast-Planner/uav_simulator/Utils/install/quadrotor_msgs/local/lib/python3.10/dist-packages/quadrotor_msgs/msg/_aux_command.py
[8.666s] -- Installing: /home/damian/Fast-Planner/uav_simulator/Utils/install/quadrotor_msgs/local/lib/python3.10/dist-packages/quadrotor_msgs/quadrotor_msgs_s__rosidl_typesupport_c.cpython-310-x86_64-linux-gnu.so
[8.666s] -- Installing: /home/damian/Fast-Planner/uav_simulator/Utils/install/quadrotor_msgs/local/lib/python3.10/dist-packages/quadrotor_msgs/libquadrotor_msgs__rosidl_generator_py.so
[8.666s] -- Installing: /home/damian/Fast-Planner/uav_simulator/Utils/install/quadrotor_msgs/local/lib/python3.10/dist-packages/quadrotor_msgs/_quadrotor_msgs_s.ep.rosidl_typesupport_fastrtps_c.c
[8.666s] -- Installing: /home/damian/Fast-Planner/uav_simulator/Utils/install/quadrotor_msgs/local/lib/python3.10/dist-packages/quadrotor_msgs/_quadrotor_msgs_s.ep.rosidl_typesupport_c.c
[8.666s] -- Installing: /home/damian/Fast-Planner/uav_simulator/Utils/install/quadrotor_msgs/local/lib/python3.10/dist-packages/quadrotor_msgs/quadrotor_msgs_s__rosidl_typesupport_introspection_c.cpython-310-x86_64-linux-gnu.so
[8.667s] -- Installing: /home/damian/Fast-Planner/uav_simulator/Utils/install/quadrotor_msgs/local/lib/python3.10/dist-packages/quadrotor_msgs/_quadrotor_msgs_s.ep.rosidl_typesupport_introspection_c.c
[8.667s] -- Installing: /home/damian/Fast-Planner/uav_simulator/Utils/install/quadrotor_msgs/local/lib/python3.10/dist-packages/quadrotor_msgs/quadrotor_msgs_s__rosidl_typesupport_fastrtps_c.cpython-310-x86_64-linux-gnu.so
[8.667s] -- Installing: /home/damian/Fast-Planner/uav_simulator/Utils/install/quadrotor_msgs/local/lib/python3.10/dist-packages/quadrotor_msgs/__init__.py
[8.710s] Listing '/home/damian/Fast-Planner/uav_simulator/Utils/install/quadrotor_msgs/local/lib/python3.10/dist-packages/quadrotor_msgs'...
[8.710s] Compiling '/home/damian/Fast-Planner/uav_simulator/Utils/install/quadrotor_msgs/local/lib/python3.10/dist-packages/quadrotor_msgs/__init__.py'...
[8.710s] Listing '/home/damian/Fast-Planner/uav_simulator/Utils/install/quadrotor_msgs/local/lib/python3.10/dist-packages/quadrotor_msgs/msg'...
[8.710s] Compiling '/home/damian/Fast-Planner/uav_simulator/Utils/install/quadrotor_msgs/local/lib/python3.10/dist-packages/quadrotor_msgs/msg/__init__.py'...
[8.710s] Compiling '/home/damian/Fast-Planner/uav_simulator/Utils/install/quadrotor_msgs/local/lib/python3.10/dist-packages/quadrotor_msgs/msg/_aux_command.py'...
[8.710s] Compiling '/home/damian/Fast-Planner/uav_simulator/Utils/install/quadrotor_msgs/local/lib/python3.10/dist-packages/quadrotor_msgs/msg/_corrections.py'...
[8.711s] Compiling '/home/damian/Fast-Planner/uav_simulator/Utils/install/quadrotor_msgs/local/lib/python3.10/dist-packages/quadrotor_msgs/msg/_gains.py'...
[8.711s] Compiling '/home/damian/Fast-Planner/uav_simulator/Utils/install/quadrotor_msgs/local/lib/python3.10/dist-packages/quadrotor_msgs/msg/_lqr_trajectory.py'...
[8.711s] Compiling '/home/damian/Fast-Planner/uav_simulator/Utils/install/quadrotor_msgs/local/lib/python3.10/dist-packages/quadrotor_msgs/msg/_odometry.py'...
[8.711s] Compiling '/home/damian/Fast-Planner/uav_simulator/Utils/install/quadrotor_msgs/local/lib/python3.10/dist-packages/quadrotor_msgs/msg/_output_data.py'...
[8.711s] Compiling '/home/damian/Fast-Planner/uav_simulator/Utils/install/quadrotor_msgs/local/lib/python3.10/dist-packages/quadrotor_msgs/msg/_polynomial_trajectory.py'...
[8.711s] Compiling '/home/damian/Fast-Planner/uav_simulator/Utils/install/quadrotor_msgs/local/lib/python3.10/dist-packages/quadrotor_msgs/msg/_position_command.py'...
[8.711s] Compiling '/home/damian/Fast-Planner/uav_simulator/Utils/install/quadrotor_msgs/local/lib/python3.10/dist-packages/quadrotor_msgs/msg/_ppr_output_data.py'...
[8.711s] Compiling '/home/damian/Fast-Planner/uav_simulator/Utils/install/quadrotor_msgs/local/lib/python3.10/dist-packages/quadrotor_msgs/msg/_serial.py'...
[8.711s] Compiling '/home/damian/Fast-Planner/uav_simulator/Utils/install/quadrotor_msgs/local/lib/python3.10/dist-packages/quadrotor_msgs/msg/_so3_command.py'...
[8.711s] Compiling '/home/damian/Fast-Planner/uav_simulator/Utils/install/quadrotor_msgs/local/lib/python3.10/dist-packages/quadrotor_msgs/msg/_status_data.py'...
[8.711s] Compiling '/home/damian/Fast-Planner/uav_simulator/Utils/install/quadrotor_msgs/local/lib/python3.10/dist-packages/quadrotor_msgs/msg/_trpy_command.py'...
[8.714s] -- Installing: /home/damian/Fast-Planner/uav_simulator/Utils/install/quadrotor_msgs/local/lib/python3.10/dist-packages/quadrotor_msgs/quadrotor_msgs_s__rosidl_typesupport_fastrtps_c.cpython-310-x86_64-linux-gnu.so
[8.714s] -- Set runtime path of "/home/damian/Fast-Planner/uav_simulator/Utils/install/quadrotor_msgs/local/lib/python3.10/dist-packages/quadrotor_msgs/quadrotor_msgs_s__rosidl_typesupport_fastrtps_c.cpython-310-x86_64-linux-gnu.so" to ""
[8.715s] -- Installing: /home/damian/Fast-Planner/uav_simulator/Utils/install/quadrotor_msgs/local/lib/python3.10/dist-packages/quadrotor_msgs/quadrotor_msgs_s__rosidl_typesupport_introspection_c.cpython-310-x86_64-linux-gnu.so
[8.715s] -- Set runtime path of "/home/damian/Fast-Planner/uav_simulator/Utils/install/quadrotor_msgs/local/lib/python3.10/dist-packages/quadrotor_msgs/quadrotor_msgs_s__rosidl_typesupport_introspection_c.cpython-310-x86_64-linux-gnu.so" to ""
[8.715s] -- Installing: /home/damian/Fast-Planner/uav_simulator/Utils/install/quadrotor_msgs/local/lib/python3.10/dist-packages/quadrotor_msgs/quadrotor_msgs_s__rosidl_typesupport_c.cpython-310-x86_64-linux-gnu.so
[8.715s] -- Set runtime path of "/home/damian/Fast-Planner/uav_simulator/Utils/install/quadrotor_msgs/local/lib/python3.10/dist-packages/quadrotor_msgs/quadrotor_msgs_s__rosidl_typesupport_c.cpython-310-x86_64-linux-gnu.so" to ""
[8.716s] -- Installing: /home/damian/Fast-Planner/uav_simulator/Utils/install/quadrotor_msgs/lib/libquadrotor_msgs__rosidl_generator_py.so
[8.716s] -- Set runtime path of "/home/damian/Fast-Planner/uav_simulator/Utils/install/quadrotor_msgs/lib/libquadrotor_msgs__rosidl_generator_py.so" to ""
[8.716s] -- Installing: /home/damian/Fast-Planner/uav_simulator/Utils/install/quadrotor_msgs/share/quadrotor_msgs/msg/AuxCommand.idl
[8.716s] -- Installing: /home/damian/Fast-Planner/uav_simulator/Utils/install/quadrotor_msgs/share/quadrotor_msgs/msg/Corrections.idl
[8.716s] -- Installing: /home/damian/Fast-Planner/uav_simulator/Utils/install/quadrotor_msgs/share/quadrotor_msgs/msg/Gains.idl
[8.716s] -- Installing: /home/damian/Fast-Planner/uav_simulator/Utils/install/quadrotor_msgs/share/quadrotor_msgs/msg/OutputData.idl
[8.716s] -- Installing: /home/damian/Fast-Planner/uav_simulator/Utils/install/quadrotor_msgs/share/quadrotor_msgs/msg/PositionCommand.idl
[8.717s] -- Installing: /home/damian/Fast-Planner/uav_simulator/Utils/install/quadrotor_msgs/share/quadrotor_msgs/msg/PPROutputData.idl
[8.717s] -- Installing: /home/damian/Fast-Planner/uav_simulator/Utils/install/quadrotor_msgs/share/quadrotor_msgs/msg/Serial.idl
[8.717s] -- Installing: /home/damian/Fast-Planner/uav_simulator/Utils/install/quadrotor_msgs/share/quadrotor_msgs/msg/SO3Command.idl
[8.717s] -- Installing: /home/damian/Fast-Planner/uav_simulator/Utils/install/quadrotor_msgs/share/quadrotor_msgs/msg/StatusData.idl
[8.717s] -- Installing: /home/damian/Fast-Planner/uav_simulator/Utils/install/quadrotor_msgs/share/quadrotor_msgs/msg/TRPYCommand.idl
[8.717s] -- Installing: /home/damian/Fast-Planner/uav_simulator/Utils/install/quadrotor_msgs/share/quadrotor_msgs/msg/Odometry.idl
[8.717s] -- Installing: /home/damian/Fast-Planner/uav_simulator/Utils/install/quadrotor_msgs/share/quadrotor_msgs/msg/PolynomialTrajectory.idl
[8.717s] -- Installing: /home/damian/Fast-Planner/uav_simulator/Utils/install/quadrotor_msgs/share/quadrotor_msgs/msg/LQRTrajectory.idl
[8.718s] -- Installing: /home/damian/Fast-Planner/uav_simulator/Utils/install/quadrotor_msgs/share/quadrotor_msgs/msg/AuxCommand.msg
[8.718s] -- Installing: /home/damian/Fast-Planner/uav_simulator/Utils/install/quadrotor_msgs/share/quadrotor_msgs/msg/Corrections.msg
[8.718s] -- Installing: /home/damian/Fast-Planner/uav_simulator/Utils/install/quadrotor_msgs/share/quadrotor_msgs/msg/Gains.msg
[8.718s] -- Installing: /home/damian/Fast-Planner/uav_simulator/Utils/install/quadrotor_msgs/share/quadrotor_msgs/msg/OutputData.msg
[8.718s] -- Installing: /home/damian/Fast-Planner/uav_simulator/Utils/install/quadrotor_msgs/share/quadrotor_msgs/msg/PositionCommand.msg
[8.718s] -- Installing: /home/damian/Fast-Planner/uav_simulator/Utils/install/quadrotor_msgs/share/quadrotor_msgs/msg/PPROutputData.msg
[8.718s] -- Installing: /home/damian/Fast-Planner/uav_simulator/Utils/install/quadrotor_msgs/share/quadrotor_msgs/msg/Serial.msg
[8.718s] -- Installing: /home/damian/Fast-Planner/uav_simulator/Utils/install/quadrotor_msgs/share/quadrotor_msgs/msg/SO3Command.msg
[8.719s] -- Installing: /home/damian/Fast-Planner/uav_simulator/Utils/install/quadrotor_msgs/share/quadrotor_msgs/msg/StatusData.msg
[8.719s] -- Installing: /home/damian/Fast-Planner/uav_simulator/Utils/install/quadrotor_msgs/share/quadrotor_msgs/msg/TRPYCommand.msg
[8.719s] -- Installing: /home/damian/Fast-Planner/uav_simulator/Utils/install/quadrotor_msgs/share/quadrotor_msgs/msg/Odometry.msg
[8.719s] -- Installing: /home/damian/Fast-Planner/uav_simulator/Utils/install/quadrotor_msgs/share/quadrotor_msgs/msg/PolynomialTrajectory.msg
[8.719s] -- Installing: /home/damian/Fast-Planner/uav_simulator/Utils/install/quadrotor_msgs/share/quadrotor_msgs/msg/LQRTrajectory.msg
[8.719s] -- Installing: /home/damian/Fast-Planner/uav_simulator/Utils/install/quadrotor_msgs/share/ament_index/resource_index/package_run_dependencies/quadrotor_msgs
[8.719s] -- Installing: /home/damian/Fast-Planner/uav_simulator/Utils/install/quadrotor_msgs/share/ament_index/resource_index/parent_prefix_path/quadrotor_msgs
[8.720s] -- Installing: /home/damian/Fast-Planner/uav_simulator/Utils/install/quadrotor_msgs/share/quadrotor_msgs/environment/ament_prefix_path.sh
[8.720s] -- Installing: /home/damian/Fast-Planner/uav_simulator/Utils/install/quadrotor_msgs/share/quadrotor_msgs/environment/ament_prefix_path.dsv
[8.720s] -- Installing: /home/damian/Fast-Planner/uav_simulator/Utils/install/quadrotor_msgs/share/quadrotor_msgs/environment/path.sh
[8.720s] -- Installing: /home/damian/Fast-Planner/uav_simulator/Utils/install/quadrotor_msgs/share/quadrotor_msgs/environment/path.dsv
[8.720s] -- Installing: /home/damian/Fast-Planner/uav_simulator/Utils/install/quadrotor_msgs/share/quadrotor_msgs/local_setup.bash
[8.720s] -- Installing: /home/damian/Fast-Planner/uav_simulator/Utils/install/quadrotor_msgs/share/quadrotor_msgs/local_setup.sh
[8.720s] -- Installing: /home/damian/Fast-Planner/uav_simulator/Utils/install/quadrotor_msgs/share/quadrotor_msgs/local_setup.zsh
[8.720s] -- Installing: /home/damian/Fast-Planner/uav_simulator/Utils/install/quadrotor_msgs/share/quadrotor_msgs/local_setup.dsv
[8.721s] -- Installing: /home/damian/Fast-Planner/uav_simulator/Utils/install/quadrotor_msgs/share/quadrotor_msgs/package.dsv
[8.721s] -- Installing: /home/damian/Fast-Planner/uav_simulator/Utils/install/quadrotor_msgs/share/ament_index/resource_index/packages/quadrotor_msgs
[8.721s] -- Installing: /home/damian/Fast-Planner/uav_simulator/Utils/install/quadrotor_msgs/share/quadrotor_msgs/cmake/export_quadrotor_msgs__rosidl_generator_cExport.cmake
[8.721s] -- Installing: /home/damian/Fast-Planner/uav_simulator/Utils/install/quadrotor_msgs/share/quadrotor_msgs/cmake/export_quadrotor_msgs__rosidl_generator_cExport-noconfig.cmake
[8.721s] -- Installing: /home/damian/Fast-Planner/uav_simulator/Utils/install/quadrotor_msgs/share/quadrotor_msgs/cmake/export_quadrotor_msgs__rosidl_typesupport_fastrtps_cExport.cmake
[8.721s] -- Installing: /home/damian/Fast-Planner/uav_simulator/Utils/install/quadrotor_msgs/share/quadrotor_msgs/cmake/export_quadrotor_msgs__rosidl_typesupport_fastrtps_cExport-noconfig.cmake
[8.722s] -- Installing: /home/damian/Fast-Planner/uav_simulator/Utils/install/quadrotor_msgs/share/quadrotor_msgs/cmake/quadrotor_msgs__rosidl_typesupport_introspection_cExport.cmake
[8.722s] -- Installing: /home/damian/Fast-Planner/uav_simulator/Utils/install/quadrotor_msgs/share/quadrotor_msgs/cmake/quadrotor_msgs__rosidl_typesupport_introspection_cExport-noconfig.cmake
[8.722s] -- Installing: /home/damian/Fast-Planner/uav_simulator/Utils/install/quadrotor_msgs/share/quadrotor_msgs/cmake/quadrotor_msgs__rosidl_typesupport_cExport.cmake
[8.722s] -- Installing: /home/damian/Fast-Planner/uav_simulator/Utils/install/quadrotor_msgs/share/quadrotor_msgs/cmake/quadrotor_msgs__rosidl_typesupport_cExport-noconfig.cmake
[8.722s] -- Installing: /home/damian/Fast-Planner/uav_simulator/Utils/install/quadrotor_msgs/share/quadrotor_msgs/cmake/export_quadrotor_msgs__rosidl_generator_cppExport.cmake
[8.722s] -- Installing: /home/damian/Fast-Planner/uav_simulator/Utils/install/quadrotor_msgs/share/quadrotor_msgs/cmake/export_quadrotor_msgs__rosidl_typesupport_fastrtps_cppExport.cmake
[8.722s] -- Installing: /home/damian/Fast-Planner/uav_simulator/Utils/install/quadrotor_msgs/share/quadrotor_msgs/cmake/export_quadrotor_msgs__rosidl_typesupport_fastrtps_cppExport-noconfig.cmake
[8.722s] -- Installing: /home/damian/Fast-Planner/uav_simulator/Utils/install/quadrotor_msgs/share/quadrotor_msgs/cmake/quadrotor_msgs__rosidl_typesupport_introspection_cppExport.cmake
[8.723s] -- Installing: /home/damian/Fast-Planner/uav_simulator/Utils/install/quadrotor_msgs/share/quadrotor_msgs/cmake/quadrotor_msgs__rosidl_typesupport_introspection_cppExport-noconfig.cmake
[8.723s] -- Installing: /home/damian/Fast-Planner/uav_simulator/Utils/install/quadrotor_msgs/share/quadrotor_msgs/cmake/quadrotor_msgs__rosidl_typesupport_cppExport.cmake
[8.723s] -- Installing: /home/damian/Fast-Planner/uav_simulator/Utils/install/quadrotor_msgs/share/quadrotor_msgs/cmake/quadrotor_msgs__rosidl_typesupport_cppExport-noconfig.cmake
[8.723s] -- Installing: /home/damian/Fast-Planner/uav_simulator/Utils/install/quadrotor_msgs/share/quadrotor_msgs/cmake/export_quadrotor_msgs__rosidl_generator_pyExport.cmake
[8.723s] -- Installing: /home/damian/Fast-Planner/uav_simulator/Utils/install/quadrotor_msgs/share/quadrotor_msgs/cmake/export_quadrotor_msgs__rosidl_generator_pyExport-noconfig.cmake
[8.723s] -- Installing: /home/damian/Fast-Planner/uav_simulator/Utils/install/quadrotor_msgs/share/quadrotor_msgs/cmake/rosidl_cmake-extras.cmake
[8.724s] -- Installing: /home/damian/Fast-Planner/uav_simulator/Utils/install/quadrotor_msgs/share/quadrotor_msgs/cmake/ament_cmake_export_dependencies-extras.cmake
[8.724s] -- Installing: /home/damian/Fast-Planner/uav_simulator/Utils/install/quadrotor_msgs/share/quadrotor_msgs/cmake/ament_cmake_export_include_directories-extras.cmake
[8.724s] -- Installing: /home/damian/Fast-Planner/uav_simulator/Utils/install/quadrotor_msgs/share/quadrotor_msgs/cmake/ament_cmake_export_libraries-extras.cmake
[8.724s] -- Installing: /home/damian/Fast-Planner/uav_simulator/Utils/install/quadrotor_msgs/share/quadrotor_msgs/cmake/ament_cmake_export_targets-extras.cmake
[8.724s] -- Installing: /home/damian/Fast-Planner/uav_simulator/Utils/install/quadrotor_msgs/share/quadrotor_msgs/cmake/rosidl_cmake_export_typesupport_targets-extras.cmake
[8.724s] -- Installing: /home/damian/Fast-Planner/uav_simulator/Utils/install/quadrotor_msgs/share/quadrotor_msgs/cmake/rosidl_cmake_export_typesupport_libraries-extras.cmake
[8.724s] -- Installing: /home/damian/Fast-Planner/uav_simulator/Utils/install/quadrotor_msgs/share/quadrotor_msgs/cmake/quadrotor_msgsConfig.cmake
[8.724s] -- Installing: /home/damian/Fast-Planner/uav_simulator/Utils/install/quadrotor_msgs/share/quadrotor_msgs/cmake/quadrotor_msgsConfig-version.cmake
[8.724s] -- Installing: /home/damian/Fast-Planner/uav_simulator/Utils/install/quadrotor_msgs/share/quadrotor_msgs/package.xml
[8.727s] Invoked command in '/home/damian/Fast-Planner/uav_simulator/Utils/build/quadrotor_msgs' returned '0': CMAKE_PREFIX_PATH=/opt/ros/humble /usr/bin/cmake --install /home/damian/Fast-Planner/uav_simulator/Utils/build/quadrotor_msgs
