-- The CXX compiler identification is GNU 11.4.0
-- Detecting CXX compiler ABI info
-- Detecting CXX compiler ABI info - done
-- Check for working CXX compiler: /usr/bin/c++ - skipped
-- Detecting CXX compile features
-- Detecting CXX compile features - done
-- Found ament_cmake: 1.3.12 (/opt/ros/humble/share/ament_cmake/cmake)
-- Found Python3: /usr/bin/python3 (found version "3.10.12") found components: Interpreter 
-- Found rclcpp: 16.0.14 (/opt/ros/humble/share/rclcpp/cmake)
-- Found rosidl_generator_c: 3.1.7 (/opt/ros/humble/share/rosidl_generator_c/cmake)
-- Found rosidl_adapter: 3.1.7 (/opt/ros/humble/share/rosidl_adapter/cmake)
-- Found rosidl_generator_cpp: 3.1.7 (/opt/ros/humble/share/rosidl_generator_cpp/cmake)
-- Using all available rosidl_typesupport_c: rosidl_typesupport_fastrtps_c;rosidl_typesupport_introspection_c
-- Using all available rosidl_typesupport_cpp: rosidl_typesupport_fastrtps_cpp;rosidl_typesupport_introspection_cpp
-- Found rmw_implementation_cmake: 6.1.2 (/opt/ros/humble/share/rmw_implementation_cmake/cmake)
-- Found rmw_fastrtps_cpp: 6.2.8 (/opt/ros/humble/share/rmw_fastrtps_cpp/cmake)
-- Found OpenSSL: /usr/lib/x86_64-linux-gnu/libcrypto.so (found version "3.0.2")  
-- Found FastRTPS: /opt/ros/humble/include  
-- Using RMW implementation 'rmw_fastrtps_cpp' as default
-- Looking for C++ include pthread.h
-- Looking for C++ include pthread.h - found
-- Performing Test CMAKE_HAVE_LIBC_PTHREAD
-- Performing Test CMAKE_HAVE_LIBC_PTHREAD - Success
-- Found Threads: TRUE  
-- Found quadrotor_msgs: 0.0.0 (/home/damian/Fast-Planner/uav_simulator/Utils/install/quadrotor_msgs/share/quadrotor_msgs/cmake)
-- Configuring done
-- Generating done
-- Build files have been written to: /home/damian/Fast-Planner/uav_simulator/Utils/build/quadrotor_msgs_encode_decode
[ 50%] [32mBuilding CXX object CMakeFiles/decode_msgs.dir/src/decode_msgs.cpp.o[0m
[ 50%] [32mBuilding CXX object CMakeFiles/encode_msgs.dir/src/encode_msgs.cpp.o[0m
[ 75%] [32m[1mLinking CXX static library libencode_msgs.a[0m
[ 75%] Built target encode_msgs
[100%] [32m[1mLinking CXX static library libdecode_msgs.a[0m
[100%] Built target decode_msgs
-- Install configuration: ""
-- Installing: /home/damian/Fast-Planner/uav_simulator/Utils/install/quadrotor_msgs_encode_decode/lib/libdecode_msgs.a
-- Installing: /home/damian/Fast-Planner/uav_simulator/Utils/install/quadrotor_msgs_encode_decode/lib/libencode_msgs.a
-- Installing: /home/damian/Fast-Planner/uav_simulator/Utils/install/quadrotor_msgs_encode_decode/include/
-- Installing: /home/damian/Fast-Planner/uav_simulator/Utils/install/quadrotor_msgs_encode_decode/include//quadrotor_msgs_encode_decode
-- Installing: /home/damian/Fast-Planner/uav_simulator/Utils/install/quadrotor_msgs_encode_decode/include//quadrotor_msgs_encode_decode/decode_msgs.h
-- Installing: /home/damian/Fast-Planner/uav_simulator/Utils/install/quadrotor_msgs_encode_decode/include//quadrotor_msgs_encode_decode/encode_msgs.h
-- Installing: /home/damian/Fast-Planner/uav_simulator/Utils/install/quadrotor_msgs_encode_decode/include//quadrotor_msgs_encode_decode/comm_types.h
-- Installing: /home/damian/Fast-Planner/uav_simulator/Utils/install/quadrotor_msgs_encode_decode/share/quadrotor_msgs_encode_decode/environment/library_path.sh
-- Installing: /home/damian/Fast-Planner/uav_simulator/Utils/install/quadrotor_msgs_encode_decode/share/quadrotor_msgs_encode_decode/environment/library_path.dsv
-- Installing: /home/damian/Fast-Planner/uav_simulator/Utils/install/quadrotor_msgs_encode_decode/share/ament_index/resource_index/package_run_dependencies/quadrotor_msgs_encode_decode
-- Installing: /home/damian/Fast-Planner/uav_simulator/Utils/install/quadrotor_msgs_encode_decode/share/ament_index/resource_index/parent_prefix_path/quadrotor_msgs_encode_decode
-- Installing: /home/damian/Fast-Planner/uav_simulator/Utils/install/quadrotor_msgs_encode_decode/share/quadrotor_msgs_encode_decode/environment/ament_prefix_path.sh
-- Installing: /home/damian/Fast-Planner/uav_simulator/Utils/install/quadrotor_msgs_encode_decode/share/quadrotor_msgs_encode_decode/environment/ament_prefix_path.dsv
-- Installing: /home/damian/Fast-Planner/uav_simulator/Utils/install/quadrotor_msgs_encode_decode/share/quadrotor_msgs_encode_decode/environment/path.sh
-- Installing: /home/damian/Fast-Planner/uav_simulator/Utils/install/quadrotor_msgs_encode_decode/share/quadrotor_msgs_encode_decode/environment/path.dsv
-- Installing: /home/damian/Fast-Planner/uav_simulator/Utils/install/quadrotor_msgs_encode_decode/share/quadrotor_msgs_encode_decode/local_setup.bash
-- Installing: /home/damian/Fast-Planner/uav_simulator/Utils/install/quadrotor_msgs_encode_decode/share/quadrotor_msgs_encode_decode/local_setup.sh
-- Installing: /home/damian/Fast-Planner/uav_simulator/Utils/install/quadrotor_msgs_encode_decode/share/quadrotor_msgs_encode_decode/local_setup.zsh
-- Installing: /home/damian/Fast-Planner/uav_simulator/Utils/install/quadrotor_msgs_encode_decode/share/quadrotor_msgs_encode_decode/local_setup.dsv
-- Installing: /home/damian/Fast-Planner/uav_simulator/Utils/install/quadrotor_msgs_encode_decode/share/quadrotor_msgs_encode_decode/package.dsv
-- Installing: /home/damian/Fast-Planner/uav_simulator/Utils/install/quadrotor_msgs_encode_decode/share/ament_index/resource_index/packages/quadrotor_msgs_encode_decode
-- Installing: /home/damian/Fast-Planner/uav_simulator/Utils/install/quadrotor_msgs_encode_decode/share/quadrotor_msgs_encode_decode/cmake/ament_cmake_export_include_directories-extras.cmake
-- Installing: /home/damian/Fast-Planner/uav_simulator/Utils/install/quadrotor_msgs_encode_decode/share/quadrotor_msgs_encode_decode/cmake/ament_cmake_export_libraries-extras.cmake
-- Installing: /home/damian/Fast-Planner/uav_simulator/Utils/install/quadrotor_msgs_encode_decode/share/quadrotor_msgs_encode_decode/cmake/quadrotor_msgs_encode_decodeConfig.cmake
-- Installing: /home/damian/Fast-Planner/uav_simulator/Utils/install/quadrotor_msgs_encode_decode/share/quadrotor_msgs_encode_decode/cmake/quadrotor_msgs_encode_decodeConfig-version.cmake
-- Installing: /home/damian/Fast-Planner/uav_simulator/Utils/install/quadrotor_msgs_encode_decode/share/quadrotor_msgs_encode_decode/package.xml
